{"/home/travis/build/npmtest/node-npmtest-bonzo/test.js":{"path":"/home/travis/build/npmtest/node-npmtest-bonzo/test.js","s":{"1":2,"2":2,"3":2,"4":2,"5":2,"6":2,"7":2,"8":1,"9":2,"10":2,"11":1,"12":1,"13":1,"14":1,"15":2,"16":2,"17":2,"18":2,"19":1,"20":1,"21":2,"22":2,"23":2,"24":1,"25":1,"26":1,"27":1,"28":1,"29":1,"30":1,"31":1,"32":1,"33":1,"34":1,"35":1,"36":1,"37":2,"38":2,"39":1,"40":2,"41":2,"42":1,"43":2,"44":2,"45":1,"46":2,"47":2,"48":1,"49":1,"50":1,"51":1,"52":1},"b":{"1":[2,1,1,1],"2":[1,1,1,1],"3":[1,1],"4":[1,1],"5":[1,1],"6":[1,1],"7":[1,1],"8":[1,1],"9":[1,1,1],"10":[1,1],"11":[1,1],"12":[1,1],"13":[1,1],"14":[1,1],"15":[1,1],"16":[1,1]},"f":{"1":2,"2":2,"3":2,"4":2,"5":2,"6":1,"7":1,"8":2,"9":2,"10":2,"11":2,"12":1},"fnMap":{"1":{"name":"(anonymous_1)","line":12,"loc":{"start":{"line":12,"column":1},"end":{"line":12,"column":13}}},"2":{"name":"(anonymous_2)","line":19,"loc":{"start":{"line":19,"column":5},"end":{"line":19,"column":17}}},"3":{"name":"(anonymous_3)","line":23,"loc":{"start":{"line":23,"column":24},"end":{"line":23,"column":36}}},"4":{"name":"(anonymous_4)","line":61,"loc":{"start":{"line":61,"column":5},"end":{"line":61,"column":17}}},"5":{"name":"(anonymous_5)","line":82,"loc":{"start":{"line":82,"column":5},"end":{"line":82,"column":17}}},"6":{"name":"(anonymous_6)","line":102,"loc":{"start":{"line":102,"column":83},"end":{"line":105,"column":10}},"skip":true},"7":{"name":"(anonymous_7)","line":113,"loc":{"start":{"line":113,"column":77},"end":{"line":116,"column":10}},"skip":true},"8":{"name":"(anonymous_8)","line":129,"loc":{"start":{"line":129,"column":12},"end":{"line":129,"column":40}},"skip":true},"9":{"name":"(anonymous_9)","line":137,"loc":{"start":{"line":137,"column":77},"end":{"line":140,"column":10}},"skip":true},"10":{"name":"(anonymous_10)","line":148,"loc":{"start":{"line":148,"column":83},"end":{"line":151,"column":10}},"skip":true},"11":{"name":"(anonymous_11)","line":159,"loc":{"start":{"line":159,"column":79},"end":{"line":162,"column":10}},"skip":true},"12":{"name":"(anonymous_12)","line":170,"loc":{"start":{"line":170,"column":75},"end":{"line":173,"column":10}},"skip":true}},"statementMap":{"1":{"start":{"line":12,"column":0},"end":{"line":185,"column":5}},"2":{"start":{"line":14,"column":4},"end":{"line":14,"column":14}},"3":{"start":{"line":19,"column":4},"end":{"line":56,"column":9}},"4":{"start":{"line":21,"column":8},"end":{"line":21,"column":19}},"5":{"start":{"line":23,"column":8},"end":{"line":35,"column":13}},"6":{"start":{"line":24,"column":12},"end":{"line":34,"column":13}},"7":{"start":{"line":25,"column":16},"end":{"line":28,"column":30}},"8":{"start":{"line":30,"column":16},"end":{"line":33,"column":27}},"9":{"start":{"line":37,"column":8},"end":{"line":39,"column":21}},"10":{"start":{"line":40,"column":8},"end":{"line":53,"column":9}},"11":{"start":{"line":43,"column":12},"end":{"line":46,"column":14}},"12":{"start":{"line":47,"column":12},"end":{"line":47,"column":18}},"13":{"start":{"line":50,"column":12},"end":{"line":51,"column":46}},"14":{"start":{"line":52,"column":12},"end":{"line":52,"column":18}},"15":{"start":{"line":55,"column":8},"end":{"line":55,"column":35}},"16":{"start":{"line":61,"column":4},"end":{"line":63,"column":9}},"17":{"start":{"line":62,"column":8},"end":{"line":62,"column":15}},"18":{"start":{"line":64,"column":4},"end":{"line":77,"column":5}},"19":{"start":{"line":70,"column":8},"end":{"line":70,"column":14}},"20":{"start":{"line":76,"column":8},"end":{"line":76,"column":14}},"21":{"start":{"line":82,"column":4},"end":{"line":84,"column":9}},"22":{"start":{"line":83,"column":8},"end":{"line":83,"column":15}},"23":{"start":{"line":85,"column":4},"end":{"line":184,"column":5}},"24":{"start":{"line":92,"column":8},"end":{"line":94,"column":63}},"25":{"start":{"line":95,"column":8},"end":{"line":95,"column":14}},"26":{"start":{"line":102,"column":8},"end":{"line":111,"column":10},"skip":true},"27":{"start":{"line":109,"column":12},"end":{"line":109,"column":55},"skip":true},"28":{"start":{"line":110,"column":12},"end":{"line":110,"column":48},"skip":true},"29":{"start":{"line":113,"column":8},"end":{"line":126,"column":10},"skip":true},"30":{"start":{"line":120,"column":12},"end":{"line":120,"column":76},"skip":true},"31":{"start":{"line":121,"column":12},"end":{"line":121,"column":73},"skip":true},"32":{"start":{"line":122,"column":12},"end":{"line":122,"column":74},"skip":true},"33":{"start":{"line":123,"column":12},"end":{"line":123,"column":79},"skip":true},"34":{"start":{"line":124,"column":12},"end":{"line":124,"column":25},"skip":true},"35":{"start":{"line":125,"column":12},"end":{"line":125,"column":45},"skip":true},"36":{"start":{"line":128,"column":8},"end":{"line":135,"column":14},"skip":true},"37":{"start":{"line":133,"column":16},"end":{"line":133,"column":29},"skip":true},"38":{"start":{"line":134,"column":16},"end":{"line":134,"column":55},"skip":true},"39":{"start":{"line":137,"column":8},"end":{"line":146,"column":10},"skip":true},"40":{"start":{"line":144,"column":12},"end":{"line":144,"column":25},"skip":true},"41":{"start":{"line":145,"column":12},"end":{"line":145,"column":45},"skip":true},"42":{"start":{"line":148,"column":8},"end":{"line":157,"column":10},"skip":true},"43":{"start":{"line":155,"column":12},"end":{"line":155,"column":25},"skip":true},"44":{"start":{"line":156,"column":12},"end":{"line":156,"column":48},"skip":true},"45":{"start":{"line":159,"column":8},"end":{"line":168,"column":10},"skip":true},"46":{"start":{"line":166,"column":12},"end":{"line":166,"column":25},"skip":true},"47":{"start":{"line":167,"column":12},"end":{"line":167,"column":46},"skip":true},"48":{"start":{"line":170,"column":8},"end":{"line":179,"column":10},"skip":true},"49":{"start":{"line":177,"column":12},"end":{"line":177,"column":94},"skip":true},"50":{"start":{"line":178,"column":12},"end":{"line":178,"column":48},"skip":true},"51":{"start":{"line":182,"column":8},"end":{"line":182,"column":35},"skip":true},"52":{"start":{"line":183,"column":8},"end":{"line":183,"column":14},"skip":true}},"branchMap":{"1":{"line":25,"type":"binary-expr","locations":[{"start":{"line":25,"column":23},"end":{"line":25,"column":62}},{"start":{"line":26,"column":20},"end":{"line":26,"column":70}},{"start":{"line":27,"column":20},"end":{"line":27,"column":71}},{"start":{"line":28,"column":20},"end":{"line":28,"column":29}}]},"2":{"line":30,"type":"binary-expr","locations":[{"start":{"line":30,"column":23},"end":{"line":30,"column":37}},{"start":{"line":31,"column":20},"end":{"line":31,"column":61}},{"start":{"line":32,"column":20},"end":{"line":32,"column":70}},{"start":{"line":33,"column":20},"end":{"line":33,"column":26}}]},"3":{"line":37,"type":"cond-expr","locations":[{"start":{"line":38,"column":14},"end":{"line":38,"column":20}},{"start":{"line":39,"column":14},"end":{"line":39,"column":20}}]},"4":{"line":40,"type":"switch","locations":[{"start":{"line":42,"column":8},"end":{"line":47,"column":18}},{"start":{"line":49,"column":8},"end":{"line":52,"column":18}}]},"5":{"line":44,"type":"binary-expr","locations":[{"start":{"line":44,"column":16},"end":{"line":44,"column":44}},{"start":{"line":44,"column":48},"end":{"line":44,"column":66}}]},"6":{"line":50,"type":"binary-expr","locations":[{"start":{"line":50,"column":21},"end":{"line":50,"column":49}},{"start":{"line":50,"column":53},"end":{"line":50,"column":72}}]},"7":{"line":64,"type":"switch","locations":[{"start":{"line":69,"column":4},"end":{"line":70,"column":14}},{"start":{"line":75,"column":4},"end":{"line":76,"column":14}}]},"8":{"line":85,"type":"switch","locations":[{"start":{"line":90,"column":4},"end":{"line":95,"column":14}},{"start":{"line":101,"column":4},"end":{"line":183,"column":14},"skip":true}]},"9":{"line":92,"type":"binary-expr","locations":[{"start":{"line":92,"column":18},"end":{"line":92,"column":32}},{"start":{"line":93,"column":12},"end":{"line":93,"column":53}},{"start":{"line":94,"column":12},"end":{"line":94,"column":61}}]},"10":{"line":102,"type":"binary-expr","locations":[{"start":{"line":102,"column":45},"end":{"line":102,"column":79},"skip":true},{"start":{"line":102,"column":83},"end":{"line":111,"column":9},"skip":true}]},"11":{"line":113,"type":"binary-expr","locations":[{"start":{"line":113,"column":42},"end":{"line":113,"column":73},"skip":true},{"start":{"line":113,"column":77},"end":{"line":126,"column":9},"skip":true}]},"12":{"line":128,"type":"binary-expr","locations":[{"start":{"line":128,"column":48},"end":{"line":128,"column":85},"skip":true},{"start":{"line":129,"column":12},"end":{"line":135,"column":13},"skip":true}]},"13":{"line":137,"type":"binary-expr","locations":[{"start":{"line":137,"column":42},"end":{"line":137,"column":73},"skip":true},{"start":{"line":137,"column":77},"end":{"line":146,"column":9},"skip":true}]},"14":{"line":148,"type":"binary-expr","locations":[{"start":{"line":148,"column":45},"end":{"line":148,"column":79},"skip":true},{"start":{"line":148,"column":83},"end":{"line":157,"column":9},"skip":true}]},"15":{"line":159,"type":"binary-expr","locations":[{"start":{"line":159,"column":43},"end":{"line":159,"column":75},"skip":true},{"start":{"line":159,"column":79},"end":{"line":168,"column":9},"skip":true}]},"16":{"line":170,"type":"binary-expr","locations":[{"start":{"line":170,"column":41},"end":{"line":170,"column":71},"skip":true},{"start":{"line":170,"column":75},"end":{"line":179,"column":9},"skip":true}]}},"code":["/* istanbul instrument in package npmtest_bonzo */","/*jslint","    bitwise: true,","    browser: true,","    maxerr: 8,","    maxlen: 96,","    node: true,","    nomen: true,","    regexp: true,","    stupid: true","*/","(function () {","    'use strict';","    var local;","","","","    // run shared js-env code - pre-init","    (function () {","        // init local","        local = {};","        // init modeJs","        local.modeJs = (function () {","            try {","                return typeof navigator.userAgent === 'string' &&","                    typeof document.querySelector('body') === 'object' &&","                    typeof XMLHttpRequest.prototype.open === 'function' &&","                    'browser';","            } catch (errorCaughtBrowser) {","                return module.exports &&","                    typeof process.versions.node === 'string' &&","                    typeof require('http').createServer === 'function' &&","                    'node';","            }","        }());","        // init global","        local.global = local.modeJs === 'browser'","            ? window","            : global;","        switch (local.modeJs) {","        // re-init local from window.local","        case 'browser':","            local = local.global.utility2.objectSetDefault(","                local.global.utility2_rollup || local.global.local,","                local.global.utility2","            );","            break;","        // re-init local from example.js","        case 'node':","            local = (local.global.utility2_rollup || require('utility2'))","                .requireExampleJsFromReadme();","            break;","        }","        // export local","        local.global.local = local;","    }());","","","","    // run shared js-env code - function","    (function () {","        return;","    }());","    switch (local.modeJs) {","","","","    // run browser js-env code - function","    case 'browser':","        break;","","","","    // run node js-env code - function","    case 'node':","        break;","    }","","","","    // run shared js-env code - post-init","    (function () {","        return;","    }());","    switch (local.modeJs) {","","","","    // run browser js-env code - post-init","    case 'browser':","        // run tests","        local.nop(local.modeTest &&","            document.querySelector('#testRunButton1') &&","            document.querySelector('#testRunButton1').click());","        break;","","","","    // run node js-env code - post-init","    /* istanbul ignore next */","    case 'node':","        local.testCase_buildApidoc_default = local.testCase_buildApidoc_default || function (","            options,","            onError","        ) {","        /*","         * this function will test buildApidoc's default handling-behavior-behavior","         */","            options = { modulePathList: module.paths };","            local.buildApidoc(options, onError);","        };","","        local.testCase_buildApp_default = local.testCase_buildApp_default || function (","            options,","            onError","        ) {","        /*","         * this function will test buildApp's default handling-behavior-behavior","         */","            local.testCase_buildReadme_default(options, local.onErrorThrow);","            local.testCase_buildLib_default(options, local.onErrorThrow);","            local.testCase_buildTest_default(options, local.onErrorThrow);","            local.testCase_buildCustomOrg_default(options, local.onErrorThrow);","            options = [];","            local.buildApp(options, onError);","        };","","        local.testCase_buildCustomOrg_default = local.testCase_buildCustomOrg_default ||","            function (options, onError) {","            /*","             * this function will test buildCustomOrg's default handling-behavior","             */","                options = {};","                local.buildCustomOrg(options, onError);","            };","","        local.testCase_buildLib_default = local.testCase_buildLib_default || function (","            options,","            onError","        ) {","        /*","         * this function will test buildLib's default handling-behavior","         */","            options = {};","            local.buildLib(options, onError);","        };","","        local.testCase_buildReadme_default = local.testCase_buildReadme_default || function (","            options,","            onError","        ) {","        /*","         * this function will test buildReadme's default handling-behavior-behavior","         */","            options = {};","            local.buildReadme(options, onError);","        };","","        local.testCase_buildTest_default = local.testCase_buildTest_default || function (","            options,","            onError","        ) {","        /*","         * this function will test buildTest's default handling-behavior","         */","            options = {};","            local.buildTest(options, onError);","        };","","        local.testCase_webpage_default = local.testCase_webpage_default || function (","            options,","            onError","        ) {","        /*","         * this function will test webpage's default handling-behavior","         */","            options = { modeCoverageMerge: true, url: local.serverLocalHost + '?modeTest=1' };","            local.browserTest(options, onError);","        };","","        // run test-server","        local.testRunServer(local);","        break;","    }","}());",""],"l":{"12":2,"14":2,"19":2,"21":2,"23":2,"24":2,"25":2,"30":1,"37":2,"40":2,"43":1,"47":1,"50":1,"52":1,"55":2,"61":2,"62":2,"64":2,"70":1,"76":1,"82":2,"83":2,"85":2,"92":1,"95":1,"102":1,"109":1,"110":1,"113":1,"120":1,"121":1,"122":1,"123":1,"124":1,"125":1,"128":1,"133":2,"134":2,"137":1,"144":2,"145":2,"148":1,"155":2,"156":2,"159":1,"166":2,"167":2,"170":1,"177":1,"178":1,"182":1,"183":1}},"/home/travis/build/npmtest/node-npmtest-bonzo/lib.npmtest_bonzo.js":{"path":"/home/travis/build/npmtest/node-npmtest-bonzo/lib.npmtest_bonzo.js","s":{"1":2,"2":2,"3":2,"4":2,"5":2,"6":2,"7":2,"8":1,"9":2,"10":2,"11":2,"12":2,"13":1,"14":1,"15":1,"16":1},"b":{"1":[2,1,1,1],"2":[1,1,1,1],"3":[1,1],"4":[2,2],"5":[1,1]},"f":{"1":2,"2":2,"3":2},"fnMap":{"1":{"name":"(anonymous_1)","line":12,"loc":{"start":{"line":12,"column":1},"end":{"line":12,"column":13}}},"2":{"name":"(anonymous_2)","line":19,"loc":{"start":{"line":19,"column":5},"end":{"line":19,"column":17}}},"3":{"name":"(anonymous_3)","line":23,"loc":{"start":{"line":23,"column":24},"end":{"line":23,"column":36}}}},"statementMap":{"1":{"start":{"line":12,"column":0},"end":{"line":53,"column":5}},"2":{"start":{"line":14,"column":4},"end":{"line":14,"column":14}},"3":{"start":{"line":19,"column":4},"end":{"line":52,"column":9}},"4":{"start":{"line":21,"column":8},"end":{"line":21,"column":19}},"5":{"start":{"line":23,"column":8},"end":{"line":35,"column":13}},"6":{"start":{"line":24,"column":12},"end":{"line":34,"column":13}},"7":{"start":{"line":25,"column":16},"end":{"line":28,"column":30}},"8":{"start":{"line":30,"column":16},"end":{"line":33,"column":27}},"9":{"start":{"line":37,"column":8},"end":{"line":39,"column":21}},"10":{"start":{"line":41,"column":8},"end":{"line":41,"column":54}},"11":{"start":{"line":43,"column":8},"end":{"line":43,"column":50}},"12":{"start":{"line":45,"column":8},"end":{"line":51,"column":9}},"13":{"start":{"line":46,"column":12},"end":{"line":46,"column":56}},"14":{"start":{"line":48,"column":12},"end":{"line":48,"column":35}},"15":{"start":{"line":49,"column":12},"end":{"line":49,"column":49}},"16":{"start":{"line":50,"column":12},"end":{"line":50,"column":43}}},"branchMap":{"1":{"line":25,"type":"binary-expr","locations":[{"start":{"line":25,"column":23},"end":{"line":25,"column":62}},{"start":{"line":26,"column":20},"end":{"line":26,"column":70}},{"start":{"line":27,"column":20},"end":{"line":27,"column":71}},{"start":{"line":28,"column":20},"end":{"line":28,"column":29}}]},"2":{"line":30,"type":"binary-expr","locations":[{"start":{"line":30,"column":23},"end":{"line":30,"column":37}},{"start":{"line":31,"column":20},"end":{"line":31,"column":61}},{"start":{"line":32,"column":20},"end":{"line":32,"column":70}},{"start":{"line":33,"column":20},"end":{"line":33,"column":26}}]},"3":{"line":37,"type":"cond-expr","locations":[{"start":{"line":38,"column":14},"end":{"line":38,"column":20}},{"start":{"line":39,"column":14},"end":{"line":39,"column":20}}]},"4":{"line":41,"type":"binary-expr","locations":[{"start":{"line":41,"column":16},"end":{"line":41,"column":44}},{"start":{"line":41,"column":48},"end":{"line":41,"column":53}}]},"5":{"line":45,"type":"if","locations":[{"start":{"line":45,"column":8},"end":{"line":45,"column":8}},{"start":{"line":45,"column":8},"end":{"line":45,"column":8}}]}},"code":["/* istanbul instrument in package npmtest_bonzo */","/*jslint","    bitwise: true,","    browser: true,","    maxerr: 8,","    maxlen: 96,","    node: true,","    nomen: true,","    regexp: true,","    stupid: true","*/","(function () {","    'use strict';","    var local;","","","","    // run shared js-env code - pre-init","    (function () {","        // init local","        local = {};","        // init modeJs","        local.modeJs = (function () {","            try {","                return typeof navigator.userAgent === 'string' &&","                    typeof document.querySelector('body') === 'object' &&","                    typeof XMLHttpRequest.prototype.open === 'function' &&","                    'browser';","            } catch (errorCaughtBrowser) {","                return module.exports &&","                    typeof process.versions.node === 'string' &&","                    typeof require('http').createServer === 'function' &&","                    'node';","            }","        }());","        // init global","        local.global = local.modeJs === 'browser'","            ? window","            : global;","        // init utility2_rollup","        local = local.global.utility2_rollup || local;","        // init lib","        local.local = local.npmtest_bonzo = local;","        // init exports","        if (local.modeJs === 'browser') {","            local.global.utility2_npmtest_bonzo = local;","        } else {","            module.exports = local;","            module.exports.__dirname = __dirname;","            module.exports.module = module;","        }","    }());","}());",""],"l":{"12":2,"14":2,"19":2,"21":2,"23":2,"24":2,"25":2,"30":1,"37":2,"41":2,"43":2,"45":2,"46":1,"48":1,"49":1,"50":1}},"/home/travis/build/npmtest/node-npmtest-bonzo/example.js":{"path":"/home/travis/build/npmtest/node-npmtest-bonzo/example.js","s":{"1":2,"2":2,"3":2,"4":2,"5":2,"6":2,"7":2,"8":1,"9":2,"10":2,"11":2,"12":2,"13":1,"14":2,"15":2,"16":2,"17":2,"18":2,"19":0,"20":2,"21":1,"22":1,"23":1,"24":1,"25":1,"26":0,"27":0,"28":1,"29":1,"30":2,"31":0,"32":0,"33":0,"34":1,"35":2,"36":2,"37":2,"38":2,"39":2,"40":2,"41":0,"42":2,"43":2,"44":2,"45":1,"46":3,"47":1,"48":1,"49":1,"50":1,"51":1,"52":1,"53":1,"54":1,"55":1,"56":1,"57":0,"58":1,"59":6,"60":6,"61":1,"62":2,"63":0,"64":2,"65":1,"66":1,"67":0,"68":0,"69":0,"70":0,"71":0,"72":0,"73":0,"74":0,"75":0,"76":0,"77":0,"78":0,"79":0,"80":0,"81":0,"82":0,"83":0},"b":{"1":[2,1,1,1],"2":[1,1,1,1],"3":[1,1],"4":[2,2],"5":[1,1],"6":[1,1],"7":[2,0],"8":[2,1,1,1,1,1],"9":[0,2,0],"10":[1,1],"11":[2,1,1],"12":[1,0],"13":[0,2],"14":[2,0,0,0,0,0,0],"15":[0,2],"16":[2,0],"17":[1,1],"18":[0,1],"19":[1,2,0,2],"20":[1,0],"21":[1,1],"22":[0,0],"23":[0,0],"24":[0,0],"25":[0,0],"26":[0,0],"27":[0,0],"28":[0,0]},"f":{"1":2,"2":2,"3":2,"4":2,"5":2,"6":2,"7":2,"8":2,"9":3,"10":1,"11":6,"12":0},"fnMap":{"1":{"name":"(anonymous_1)","line":26,"loc":{"start":{"line":26,"column":1},"end":{"line":26,"column":13}}},"2":{"name":"(anonymous_2)","line":33,"loc":{"start":{"line":33,"column":5},"end":{"line":33,"column":17}}},"3":{"name":"(anonymous_3)","line":37,"loc":{"start":{"line":37,"column":24},"end":{"line":37,"column":36}}},"4":{"name":"(anonymous_4)","line":69,"loc":{"start":{"line":69,"column":31},"end":{"line":69,"column":48}},"skip":true},"5":{"name":"(anonymous_5)","line":78,"loc":{"start":{"line":78,"column":26},"end":{"line":78,"column":45}},"skip":true},"6":{"name":"(anonymous_6)","line":123,"loc":{"start":{"line":123,"column":33},"end":{"line":123,"column":48}},"skip":true},"7":{"name":"(anonymous_7)","line":125,"loc":{"start":{"line":125,"column":27},"end":{"line":125,"column":39}},"skip":true},"8":{"name":"(anonymous_8)","line":133,"loc":{"start":{"line":133,"column":59},"end":{"line":133,"column":74}},"skip":true},"9":{"name":"(anonymous_9)","line":143,"loc":{"start":{"line":143,"column":45},"end":{"line":143,"column":62}},"skip":true},"10":{"name":"(anonymous_10)","line":144,"loc":{"start":{"line":144,"column":73},"end":{"line":144,"column":92}},"skip":true},"11":{"name":"(anonymous_11)","line":272,"loc":{"start":{"line":272,"column":51},"end":{"line":272,"column":77}},"skip":true},"12":{"name":"(anonymous_12)","line":314,"loc":{"start":{"line":314,"column":32},"end":{"line":314,"column":61}},"skip":true}},"statementMap":{"1":{"start":{"line":26,"column":0},"end":{"line":325,"column":5}},"2":{"start":{"line":28,"column":4},"end":{"line":28,"column":14}},"3":{"start":{"line":33,"column":4},"end":{"line":60,"column":9}},"4":{"start":{"line":35,"column":8},"end":{"line":35,"column":19}},"5":{"start":{"line":37,"column":8},"end":{"line":49,"column":13}},"6":{"start":{"line":38,"column":12},"end":{"line":48,"column":13}},"7":{"start":{"line":39,"column":16},"end":{"line":42,"column":30}},"8":{"start":{"line":44,"column":16},"end":{"line":47,"column":27}},"9":{"start":{"line":51,"column":8},"end":{"line":53,"column":21}},"10":{"start":{"line":55,"column":8},"end":{"line":57,"column":45}},"11":{"start":{"line":59,"column":8},"end":{"line":59,"column":35}},"12":{"start":{"line":61,"column":4},"end":{"line":324,"column":5}},"13":{"start":{"line":69,"column":8},"end":{"line":121,"column":10},"skip":true},"14":{"start":{"line":70,"column":12},"end":{"line":88,"column":13},"skip":true},"15":{"start":{"line":76,"column":16},"end":{"line":87,"column":19},"skip":true},"16":{"start":{"line":79,"column":20},"end":{"line":86,"column":21},"skip":true},"17":{"start":{"line":82,"column":24},"end":{"line":82,"column":43},"skip":true},"18":{"start":{"line":83,"column":24},"end":{"line":83,"column":30},"skip":true},"19":{"start":{"line":85,"column":24},"end":{"line":85,"column":49},"skip":true},"20":{"start":{"line":89,"column":12},"end":{"line":107,"column":13},"skip":true},"21":{"start":{"line":92,"column":16},"end":{"line":102,"column":17},"skip":true},"22":{"start":{"line":93,"column":20},"end":{"line":93,"column":86},"skip":true},"23":{"start":{"line":94,"column":20},"end":{"line":95,"column":45},"skip":true},"24":{"start":{"line":96,"column":20},"end":{"line":96,"column":42},"skip":true},"25":{"start":{"line":97,"column":20},"end":{"line":97,"column":48},"skip":true},"26":{"start":{"line":100,"column":20},"end":{"line":100,"column":85},"skip":true},"27":{"start":{"line":101,"column":20},"end":{"line":101,"column":96},"skip":true},"28":{"start":{"line":103,"column":16},"end":{"line":103,"column":22},"skip":true},"29":{"start":{"line":106,"column":16},"end":{"line":106,"column":22},"skip":true},"30":{"start":{"line":108,"column":12},"end":{"line":120,"column":13},"skip":true},"31":{"start":{"line":114,"column":16},"end":{"line":119,"column":17},"skip":true},"32":{"start":{"line":116,"column":20},"end":{"line":116,"column":78},"skip":true},"33":{"start":{"line":118,"column":20},"end":{"line":118,"column":47},"skip":true},"34":{"start":{"line":123,"column":8},"end":{"line":141,"column":11},"skip":true},"35":{"start":{"line":124,"column":12},"end":{"line":124,"column":54},"skip":true},"36":{"start":{"line":125,"column":12},"end":{"line":140,"column":14},"skip":true},"37":{"start":{"line":126,"column":16},"end":{"line":126,"column":28},"skip":true},"38":{"start":{"line":127,"column":16},"end":{"line":127,"column":69},"skip":true},"39":{"start":{"line":128,"column":16},"end":{"line":128,"column":75},"skip":true},"40":{"start":{"line":129,"column":16},"end":{"line":131,"column":17},"skip":true},"41":{"start":{"line":130,"column":20},"end":{"line":130,"column":27},"skip":true},"42":{"start":{"line":133,"column":16},"end":{"line":137,"column":36},"skip":true},"43":{"start":{"line":134,"column":20},"end":{"line":136,"column":55},"skip":true},"44":{"start":{"line":139,"column":16},"end":{"line":139,"column":57},"skip":true},"45":{"start":{"line":143,"column":8},"end":{"line":147,"column":11},"skip":true},"46":{"start":{"line":144,"column":12},"end":{"line":146,"column":15},"skip":true},"47":{"start":{"line":145,"column":16},"end":{"line":145,"column":70},"skip":true},"48":{"start":{"line":149,"column":8},"end":{"line":149,"column":31},"skip":true},"49":{"start":{"line":150,"column":8},"end":{"line":150,"column":14},"skip":true},"50":{"start":{"line":158,"column":8},"end":{"line":158,"column":31},"skip":true},"51":{"start":{"line":160,"column":8},"end":{"line":160,"column":33},"skip":true},"52":{"start":{"line":161,"column":8},"end":{"line":161,"column":37},"skip":true},"53":{"start":{"line":162,"column":8},"end":{"line":162,"column":35},"skip":true},"54":{"start":{"line":164,"column":8},"end":{"line":164,"column":50},"skip":true},"55":{"start":{"line":166,"column":8},"end":{"line":256,"column":2},"skip":true},"56":{"start":{"line":258,"column":8},"end":{"line":286,"column":9},"skip":true},"57":{"start":{"line":259,"column":12},"end":{"line":269,"column":14},"skip":true},"58":{"start":{"line":271,"column":12},"end":{"line":285,"column":19},"skip":true},"59":{"start":{"line":274,"column":20},"end":{"line":274,"column":35},"skip":true},"60":{"start":{"line":275,"column":20},"end":{"line":284,"column":21},"skip":true},"61":{"start":{"line":277,"column":24},"end":{"line":277,"column":64},"skip":true},"62":{"start":{"line":279,"column":24},"end":{"line":279,"column":40},"skip":true},"63":{"start":{"line":281,"column":24},"end":{"line":281,"column":40},"skip":true},"64":{"start":{"line":283,"column":24},"end":{"line":283,"column":39},"skip":true},"65":{"start":{"line":288,"column":8},"end":{"line":290,"column":9},"skip":true},"66":{"start":{"line":289,"column":12},"end":{"line":289,"column":18},"skip":true},"67":{"start":{"line":291,"column":8},"end":{"line":293,"column":54},"skip":true},"68":{"start":{"line":294,"column":8},"end":{"line":301,"column":37},"skip":true},"69":{"start":{"line":302,"column":8},"end":{"line":302,"column":82},"skip":true},"70":{"start":{"line":305,"column":8},"end":{"line":307,"column":9},"skip":true},"71":{"start":{"line":306,"column":12},"end":{"line":306,"column":82},"skip":true},"72":{"start":{"line":309,"column":8},"end":{"line":311,"column":9},"skip":true},"73":{"start":{"line":310,"column":12},"end":{"line":310,"column":18},"skip":true},"74":{"start":{"line":312,"column":8},"end":{"line":312,"column":54},"skip":true},"75":{"start":{"line":313,"column":8},"end":{"line":313,"column":69},"skip":true},"76":{"start":{"line":314,"column":8},"end":{"line":322,"column":36},"skip":true},"77":{"start":{"line":315,"column":12},"end":{"line":315,"column":61},"skip":true},"78":{"start":{"line":316,"column":12},"end":{"line":319,"column":13},"skip":true},"79":{"start":{"line":317,"column":16},"end":{"line":317,"column":75},"skip":true},"80":{"start":{"line":318,"column":16},"end":{"line":318,"column":23},"skip":true},"81":{"start":{"line":320,"column":12},"end":{"line":320,"column":38},"skip":true},"82":{"start":{"line":321,"column":12},"end":{"line":321,"column":27},"skip":true},"83":{"start":{"line":323,"column":8},"end":{"line":323,"column":14},"skip":true}},"branchMap":{"1":{"line":39,"type":"binary-expr","locations":[{"start":{"line":39,"column":23},"end":{"line":39,"column":62}},{"start":{"line":40,"column":20},"end":{"line":40,"column":70}},{"start":{"line":41,"column":20},"end":{"line":41,"column":71}},{"start":{"line":42,"column":20},"end":{"line":42,"column":29}}]},"2":{"line":44,"type":"binary-expr","locations":[{"start":{"line":44,"column":23},"end":{"line":44,"column":37}},{"start":{"line":45,"column":20},"end":{"line":45,"column":61}},{"start":{"line":46,"column":20},"end":{"line":46,"column":70}},{"start":{"line":47,"column":20},"end":{"line":47,"column":26}}]},"3":{"line":51,"type":"cond-expr","locations":[{"start":{"line":52,"column":14},"end":{"line":52,"column":20}},{"start":{"line":53,"column":14},"end":{"line":53,"column":20}}]},"4":{"line":55,"type":"binary-expr","locations":[{"start":{"line":55,"column":16},"end":{"line":55,"column":44}},{"start":{"line":55,"column":49},"end":{"line":57,"column":43}}]},"5":{"line":55,"type":"cond-expr","locations":[{"start":{"line":56,"column":14},"end":{"line":56,"column":49}},{"start":{"line":57,"column":14},"end":{"line":57,"column":43}}]},"6":{"line":61,"type":"switch","locations":[{"start":{"line":68,"column":4},"end":{"line":150,"column":14},"skip":true},{"start":{"line":156,"column":4},"end":{"line":323,"column":14},"skip":true}]},"7":{"line":70,"type":"if","locations":[{"start":{"line":70,"column":12},"end":{"line":70,"column":12},"skip":true},{"start":{"line":70,"column":12},"end":{"line":70,"column":12},"skip":true}]},"8":{"line":70,"type":"binary-expr","locations":[{"start":{"line":70,"column":16},"end":{"line":70,"column":22},"skip":true},{"start":{"line":70,"column":27},"end":{"line":70,"column":32},"skip":true},{"start":{"line":71,"column":20},"end":{"line":71,"column":39},"skip":true},{"start":{"line":72,"column":20},"end":{"line":72,"column":49},"skip":true},{"start":{"line":73,"column":20},"end":{"line":73,"column":58},"skip":true},{"start":{"line":74,"column":20},"end":{"line":74,"column":69},"skip":true}]},"9":{"line":79,"type":"switch","locations":[{"start":{"line":80,"column":20},"end":{"line":80,"column":33},"skip":true},{"start":{"line":81,"column":20},"end":{"line":83,"column":30},"skip":true},{"start":{"line":84,"column":20},"end":{"line":85,"column":49},"skip":true}]},"10":{"line":89,"type":"switch","locations":[{"start":{"line":90,"column":12},"end":{"line":103,"column":22},"skip":true},{"start":{"line":105,"column":12},"end":{"line":106,"column":22},"skip":true}]},"11":{"line":89,"type":"binary-expr","locations":[{"start":{"line":89,"column":20},"end":{"line":89,"column":25},"skip":true},{"start":{"line":89,"column":29},"end":{"line":89,"column":48},"skip":true},{"start":{"line":89,"column":52},"end":{"line":89,"column":74},"skip":true}]},"12":{"line":92,"type":"if","locations":[{"start":{"line":92,"column":16},"end":{"line":92,"column":16},"skip":true},{"start":{"line":92,"column":16},"end":{"line":92,"column":16},"skip":true}]},"13":{"line":108,"type":"if","locations":[{"start":{"line":108,"column":12},"end":{"line":108,"column":12},"skip":true},{"start":{"line":108,"column":12},"end":{"line":108,"column":12},"skip":true}]},"14":{"line":108,"type":"binary-expr","locations":[{"start":{"line":108,"column":16},"end":{"line":108,"column":61},"skip":true},{"start":{"line":108,"column":66},"end":{"line":108,"column":72},"skip":true},{"start":{"line":108,"column":77},"end":{"line":108,"column":82},"skip":true},{"start":{"line":109,"column":20},"end":{"line":109,"column":39},"skip":true},{"start":{"line":110,"column":20},"end":{"line":110,"column":49},"skip":true},{"start":{"line":111,"column":20},"end":{"line":111,"column":58},"skip":true},{"start":{"line":112,"column":20},"end":{"line":112,"column":68},"skip":true}]},"15":{"line":129,"type":"if","locations":[{"start":{"line":129,"column":16},"end":{"line":129,"column":16},"skip":true},{"start":{"line":129,"column":16},"end":{"line":129,"column":16},"skip":true}]},"16":{"line":134,"type":"cond-expr","locations":[{"start":{"line":135,"column":26},"end":{"line":135,"column":29},"skip":true},{"start":{"line":136,"column":26},"end":{"line":136,"column":54},"skip":true}]},"17":{"line":164,"type":"binary-expr","locations":[{"start":{"line":164,"column":27},"end":{"line":164,"column":43},"skip":true},{"start":{"line":164,"column":47},"end":{"line":164,"column":49},"skip":true}]},"18":{"line":258,"type":"if","locations":[{"start":{"line":258,"column":8},"end":{"line":258,"column":8},"skip":true},{"start":{"line":258,"column":8},"end":{"line":258,"column":8},"skip":true}]},"19":{"line":275,"type":"switch","locations":[{"start":{"line":276,"column":20},"end":{"line":277,"column":64},"skip":true},{"start":{"line":278,"column":20},"end":{"line":279,"column":40},"skip":true},{"start":{"line":280,"column":20},"end":{"line":281,"column":40},"skip":true},{"start":{"line":282,"column":20},"end":{"line":283,"column":39},"skip":true}]},"20":{"line":288,"type":"if","locations":[{"start":{"line":288,"column":8},"end":{"line":288,"column":8},"skip":true},{"start":{"line":288,"column":8},"end":{"line":288,"column":8},"skip":true}]},"21":{"line":288,"type":"binary-expr","locations":[{"start":{"line":288,"column":12},"end":{"line":288,"column":40},"skip":true},{"start":{"line":288,"column":44},"end":{"line":288,"column":67},"skip":true}]},"22":{"line":292,"type":"binary-expr","locations":[{"start":{"line":292,"column":12},"end":{"line":292,"column":50},"skip":true},{"start":{"line":293,"column":12},"end":{"line":293,"column":53},"skip":true}]},"23":{"line":295,"type":"binary-expr","locations":[{"start":{"line":295,"column":12},"end":{"line":295,"column":63},"skip":true},{"start":{"line":296,"column":12},"end":{"line":301,"column":36},"skip":true}]},"24":{"line":302,"type":"binary-expr","locations":[{"start":{"line":302,"column":43},"end":{"line":302,"column":75},"skip":true},{"start":{"line":302,"column":79},"end":{"line":302,"column":81},"skip":true}]},"25":{"line":305,"type":"if","locations":[{"start":{"line":305,"column":8},"end":{"line":305,"column":8},"skip":true},{"start":{"line":305,"column":8},"end":{"line":305,"column":8},"skip":true}]},"26":{"line":309,"type":"if","locations":[{"start":{"line":309,"column":8},"end":{"line":309,"column":8},"skip":true},{"start":{"line":309,"column":8},"end":{"line":309,"column":8},"skip":true}]},"27":{"line":312,"type":"binary-expr","locations":[{"start":{"line":312,"column":27},"end":{"line":312,"column":43},"skip":true},{"start":{"line":312,"column":47},"end":{"line":312,"column":53},"skip":true}]},"28":{"line":316,"type":"if","locations":[{"start":{"line":316,"column":12},"end":{"line":316,"column":12},"skip":true},{"start":{"line":316,"column":12},"end":{"line":316,"column":12},"skip":true}]}},"code":["/*","example.js","","quickstart example","","instruction","    1. save this script as example.js","    2. run the shell command:","        $ npm install npmtest-bonzo && PORT=8081 node example.js","    3. play with the browser-demo on http://127.0.0.1:8081","*/","","","","/* istanbul instrument in package npmtest_bonzo */","/*jslint","    bitwise: true,","    browser: true,","    maxerr: 8,","    maxlen: 96,","    node: true,","    nomen: true,","    regexp: true,","    stupid: true","*/","(function () {","    'use strict';","    var local;","","","","    // run shared js-env code - pre-init","    (function () {","        // init local","        local = {};","        // init modeJs","        local.modeJs = (function () {","            try {","                return typeof navigator.userAgent === 'string' &&","                    typeof document.querySelector('body') === 'object' &&","                    typeof XMLHttpRequest.prototype.open === 'function' &&","                    'browser';","            } catch (errorCaughtBrowser) {","                return module.exports &&","                    typeof process.versions.node === 'string' &&","                    typeof require('http').createServer === 'function' &&","                    'node';","            }","        }());","        // init global","        local.global = local.modeJs === 'browser'","            ? window","            : global;","        // init utility2_rollup","        local = local.global.utility2_rollup || (local.modeJs === 'browser'","            ? local.global.utility2_npmtest_bonzo","            : global.utility2_moduleExports);","        // export local","        local.global.local = local;","    }());","    switch (local.modeJs) {","","","","    // post-init","    // run browser js-env code - post-init","    /* istanbul ignore next */","    case 'browser':","        local.testRunBrowser = function (event) {","            if (!event || (event &&","                    event.currentTarget &&","                    event.currentTarget.className &&","                    event.currentTarget.className.includes &&","                    event.currentTarget.className.includes('onreset'))) {","                // reset output","                Array.from(","                    document.querySelectorAll('body > .resettable')","                ).forEach(function (element) {","                    switch (element.tagName) {","                    case 'INPUT':","                    case 'TEXTAREA':","                        element.value = '';","                        break;","                    default:","                        element.textContent = '';","                    }","                });","            }","            switch (event && event.currentTarget && event.currentTarget.id) {","            case 'testRunButton1':","                // show tests","                if (document.querySelector('#testReportDiv1').style.display === 'none') {","                    document.querySelector('#testReportDiv1').style.display = 'block';","                    document.querySelector('#testRunButton1').textContent =","                        'hide internal test';","                    local.modeTest = true;","                    local.testRunDefault(local);","                // hide tests","                } else {","                    document.querySelector('#testReportDiv1').style.display = 'none';","                    document.querySelector('#testRunButton1').textContent = 'run internal test';","                }","                break;","            // custom-case","            default:","                break;","            }","            if (document.querySelector('#inputTextareaEval1') && (!event || (event &&","                    event.currentTarget &&","                    event.currentTarget.className &&","                    event.currentTarget.className.includes &&","                    event.currentTarget.className.includes('oneval')))) {","                // try to eval input-code","                try {","                    /*jslint evil: true*/","                    eval(document.querySelector('#inputTextareaEval1').value);","                } catch (errorCaught) {","                    console.error(errorCaught);","                }","            }","        };","        // log stderr and stdout to #outputTextareaStdout1","        ['error', 'log'].forEach(function (key) {","            console[key + '_original'] = console[key];","            console[key] = function () {","                var element;","                console[key + '_original'].apply(console, arguments);","                element = document.querySelector('#outputTextareaStdout1');","                if (!element) {","                    return;","                }","                // append text to #outputTextareaStdout1","                element.value += Array.from(arguments).map(function (arg) {","                    return typeof arg === 'string'","                        ? arg","                        : JSON.stringify(arg, null, 4);","                }).join(' ') + '\\n';","                // scroll textarea to bottom","                element.scrollTop = element.scrollHeight;","            };","        });","        // init event-handling","        ['change', 'click', 'keyup'].forEach(function (event) {","            Array.from(document.querySelectorAll('.on' + event)).forEach(function (element) {","                element.addEventListener(event, local.testRunBrowser);","            });","        });","        // run tests","        local.testRunBrowser();","        break;","","","","    // run node js-env code - post-init","    /* istanbul ignore next */","    case 'node':","        // export local","        module.exports = local;","        // require modules","        local.fs = require('fs');","        local.http = require('http');","        local.url = require('url');","        // init assets","        local.assetsDict = local.assetsDict || {};","        /* jslint-ignore-begin */","        local.assetsDict['/assets.index.template.html'] = '\\","<!doctype html>\\n\\","<html lang=\"en\">\\n\\","<head>\\n\\","<meta charset=\"UTF-8\">\\n\\","<meta name=\"viewport\" content=\"width=device-width, initial-scale=1\">\\n\\","<title>{{env.npm_package_name}} (v{{env.npm_package_version}})</title>\\n\\","<style>\\n\\","/*csslint\\n\\","    box-sizing: false,\\n\\","    universal-selector: false\\n\\","*/\\n\\","* {\\n\\","    box-sizing: border-box;\\n\\","}\\n\\","body {\\n\\","    background: #dde;\\n\\","    font-family: Arial, Helvetica, sans-serif;\\n\\","    margin: 2rem;\\n\\","}\\n\\","body > * {\\n\\","    margin-bottom: 1rem;\\n\\","}\\n\\",".utility2FooterDiv {\\n\\","    margin-top: 20px;\\n\\","    text-align: center;\\n\\","}\\n\\","</style>\\n\\","<style>\\n\\","/*csslint\\n\\","*/\\n\\","textarea {\\n\\","    font-family: monospace;\\n\\","    height: 10rem;\\n\\","    width: 100%;\\n\\","}\\n\\","textarea[readonly] {\\n\\","    background: #ddd;\\n\\","}\\n\\","</style>\\n\\","</head>\\n\\","<body>\\n\\","<!-- utility2-comment\\n\\","<div id=\"ajaxProgressDiv1\" style=\"background: #d00; height: 2px; left: 0; margin: 0; padding: 0; position: fixed; top: 0; transition: background 0.5s, width 1.5s; width: 25%;\"></div>\\n\\","utility2-comment -->\\n\\","<h1>\\n\\","<!-- utility2-comment\\n\\","    <a\\n\\","        {{#if env.npm_package_homepage}}\\n\\","        href=\"{{env.npm_package_homepage}}\"\\n\\","        {{/if env.npm_package_homepage}}\\n\\","        target=\"_blank\"\\n\\","    >\\n\\","utility2-comment -->\\n\\","        {{env.npm_package_name}} (v{{env.npm_package_version}})\\n\\","<!-- utility2-comment\\n\\","    </a>\\n\\","utility2-comment -->\\n\\","</h1>\\n\\","<h3>{{env.npm_package_description}}</h3>\\n\\","<!-- utility2-comment\\n\\","<h4><a download href=\"assets.app.js\">download standalone app</a></h4>\\n\\","<button class=\"onclick onreset\" id=\"testRunButton1\">run internal test</button><br>\\n\\","<div id=\"testReportDiv1\" style=\"display: none;\"></div>\\n\\","utility2-comment -->\\n\\","\\n\\","\\n\\","\\n\\","<label>stderr and stdout</label>\\n\\","<textarea class=\"resettable\" id=\"outputTextareaStdout1\" readonly></textarea>\\n\\","<!-- utility2-comment\\n\\","{{#if isRollup}}\\n\\","<script src=\"assets.app.js\"></script>\\n\\","{{#unless isRollup}}\\n\\","utility2-comment -->\\n\\","<script src=\"assets.utility2.rollup.js\"></script>\\n\\","<script src=\"jsonp.utility2._stateInit?callback=window.utility2._stateInit\"></script>\\n\\","<script src=\"assets.npmtest_bonzo.rollup.js\"></script>\\n\\","<script src=\"assets.example.js\"></script>\\n\\","<script src=\"assets.test.js\"></script>\\n\\","<!-- utility2-comment\\n\\","{{/if isRollup}}\\n\\","utility2-comment -->\\n\\","<div class=\"utility2FooterDiv\">\\n\\","    [ this app was created with\\n\\","    <a href=\"https://github.com/kaizhu256/node-utility2\" target=\"_blank\">utility2</a>\\n\\","    ]\\n\\","</div>\\n\\","</body>\\n\\","</html>\\n\\","';","        /* jslint-ignore-end */","        if (local.templateRender) {","            local.assetsDict['/'] = local.templateRender(","                local.assetsDict['/assets.index.template.html'],","                {","                    env: local.objectSetDefault(local.env, {","                        npm_package_description: 'the greatest app in the world!',","                        npm_package_name: 'my-app',","                        npm_package_nameAlias: 'my_app',","                        npm_package_version: '0.0.1'","                    })","                }","            );","        } else {","            local.assetsDict['/'] = local.assetsDict['/assets.index.template.html']","                .replace((/\\{\\{env\\.(\\w+?)\\}\\}/g), function (match0, match1) {","                    // jslint-hack","                    String(match0);","                    switch (match1) {","                    case 'npm_package_description':","                        return 'the greatest app in the world!';","                    case 'npm_package_name':","                        return 'my-app';","                    case 'npm_package_nameAlias':","                        return 'my_app';","                    case 'npm_package_version':","                        return '0.0.1';","                    }","                });","        }","        // run the cli","        if (local.global.utility2_rollup || module !== require.main) {","            break;","        }","        local.assetsDict['/assets.example.js'] =","            local.assetsDict['/assets.example.js'] ||","            local.fs.readFileSync(__filename, 'utf8');","        local.assetsDict['/assets.npmtest_bonzo.rollup.js'] =","            local.assetsDict['/assets.npmtest_bonzo.rollup.js'] ||","            local.fs.readFileSync(","                // buildCustomOrg-hack","                local.npmtest_bonzo.__dirname +","                    '/lib.npmtest_bonzo.js',","                'utf8'","            ).replace((/^#!/), '//');","        local.assetsDict['/favicon.ico'] = local.assetsDict['/favicon.ico'] || '';","        // if $npm_config_timeout_exit exists,","        // then exit this process after $npm_config_timeout_exit ms","        if (Number(process.env.npm_config_timeout_exit)) {","            setTimeout(process.exit, Number(process.env.npm_config_timeout_exit));","        }","        // start server","        if (local.global.utility2_serverHttp1) {","            break;","        }","        process.env.PORT = process.env.PORT || '8081';","        console.error('server starting on port ' + process.env.PORT);","        local.http.createServer(function (request, response) {","            request.urlParsed = local.url.parse(request.url);","            if (local.assetsDict[request.urlParsed.pathname] !== undefined) {","                response.end(local.assetsDict[request.urlParsed.pathname]);","                return;","            }","            response.statusCode = 404;","            response.end();","        }).listen(process.env.PORT);","        break;","    }","}());",""],"l":{"26":2,"28":2,"33":2,"35":2,"37":2,"38":2,"39":2,"44":1,"51":2,"55":2,"59":2,"61":2,"69":1,"70":2,"76":2,"79":2,"82":2,"83":2,"85":1,"89":2,"92":1,"93":1,"94":1,"96":1,"97":1,"100":1,"101":1,"103":1,"106":1,"108":2,"114":1,"116":1,"118":1,"123":1,"124":2,"125":2,"126":2,"127":2,"128":2,"129":2,"130":1,"133":2,"134":2,"139":2,"143":1,"144":3,"145":1,"149":1,"150":1,"158":1,"160":1,"161":1,"162":1,"164":1,"166":1,"258":1,"259":1,"271":1,"274":6,"275":6,"277":1,"279":2,"281":1,"283":2,"288":1,"289":1,"291":1,"294":1,"302":1,"305":1,"306":1,"309":1,"310":1,"312":1,"313":1,"314":1,"315":1,"316":1,"317":1,"318":1,"320":1,"321":1,"323":1}},"/home/travis/build/npmtest/node-npmtest-bonzo/node_modules/bonzo/bonzo.js":{"path":"/home/travis/build/npmtest/node-npmtest-bonzo/node_modules/bonzo/bonzo.js","s":{"1":5,"2":5,"3":5,"4":0,"5":0,"6":0,"7":5,"8":0,"9":0,"10":0,"11":0,"12":0,"13":0,"14":0,"15":1,"16":0,"17":0,"18":0,"19":1,"20":0,"21":1,"22":0,"23":0,"24":0,"25":0,"26":0,"27":0,"28":0,"29":0,"30":0,"31":0,"32":0,"33":1,"34":0,"35":1,"36":0,"37":0,"38":0,"39":0,"40":0,"41":1,"42":0,"43":0,"44":0,"45":0,"46":0,"47":1,"48":0,"49":0,"50":1,"51":0,"52":1,"53":0,"54":0,"55":0,"56":1,"57":0,"58":0,"59":0,"60":1,"61":0,"62":0,"63":0,"64":0,"65":1,"66":0,"67":0,"68":0,"69":0,"70":1,"71":0,"72":0,"73":1,"74":0,"75":0,"76":0,"77":0,"78":0,"79":0,"80":0,"81":0,"82":1,"83":0,"84":0,"85":0,"86":0,"87":0,"88":0,"89":0,"90":0,"91":0,"92":0,"93":0,"94":0,"95":0,"96":0,"97":0,"98":0,"99":0,"100":0,"101":0,"102":0,"103":0,"104":1,"105":0,"106":1,"107":0,"108":0,"109":0,"110":0,"111":0,"112":0,"113":0,"114":0,"115":0,"116":0,"117":1,"118":0,"119":0,"120":0,"121":0,"122":0,"123":0,"124":0,"125":0,"126":0,"127":0,"128":0,"129":0,"130":0,"131":0,"132":0,"133":0,"134":0,"135":0,"136":0,"137":0,"138":0,"139":0,"140":0,"141":0,"142":0,"143":0,"144":0,"145":0,"146":0,"147":0,"148":0,"149":0,"150":0,"151":0,"152":0,"153":0,"154":0,"155":0,"156":0,"157":0,"158":0,"159":0,"160":0,"161":0,"162":0,"163":0,"164":0,"165":0,"166":0,"167":0,"168":0,"169":0,"170":0,"171":0,"172":0,"173":0,"174":0,"175":0,"176":0,"177":0,"178":0,"179":0,"180":0,"181":0,"182":0,"183":0,"184":0,"185":0,"186":0,"187":0,"188":0,"189":0,"190":0,"191":0,"192":0,"193":0,"194":0,"195":0,"196":0,"197":0,"198":0,"199":0,"200":0,"201":0,"202":0,"203":0,"204":0,"205":0,"206":0,"207":0,"208":0,"209":0,"210":0,"211":0,"212":0,"213":0,"214":0,"215":0,"216":0,"217":0,"218":0,"219":0,"220":0,"221":0,"222":0,"223":0,"224":0,"225":0,"226":0,"227":0,"228":0,"229":0,"230":0,"231":0,"232":1,"233":0,"234":0,"235":0,"236":0,"237":0,"238":0,"239":0,"240":0,"241":0,"242":0,"243":0,"244":0,"245":0,"246":0,"247":0,"248":0,"249":0,"250":0,"251":0,"252":0,"253":0,"254":0,"255":0,"256":0,"257":0,"258":0,"259":0,"260":0,"261":0,"262":0,"263":0,"264":0,"265":0,"266":0,"267":0,"268":0,"269":0,"270":0,"271":0,"272":0,"273":0,"274":0,"275":0,"276":0,"277":0,"278":0,"279":0,"280":0,"281":0,"282":0,"283":0,"284":0,"285":0,"286":0,"287":0,"288":0,"289":0,"290":0,"291":0,"292":1,"293":0,"294":0,"295":0,"296":0,"297":0,"298":0,"299":0,"300":0,"301":1,"302":0,"303":1,"304":0,"305":1,"306":0,"307":0,"308":0,"309":1,"310":0,"311":0,"312":0,"313":0,"314":0,"315":0,"316":0,"317":0,"318":0,"319":0,"320":0,"321":0,"322":0,"323":0,"324":0,"325":0,"326":0,"327":0,"328":0,"329":0,"330":0,"331":0,"332":0,"333":0,"334":0,"335":0,"336":0,"337":0,"338":0,"339":0,"340":0,"341":0,"342":0,"343":0,"344":0,"345":0,"346":0},"b":{"1":[5,0],"2":[5,5],"3":[0,0],"4":[0,0],"5":[0,0],"6":[0,0],"7":[0,0],"8":[0,0],"9":[0,0,0,0],"10":[0,0],"11":[0,0],"12":[0,0],"13":[0,0],"14":[0,0],"15":[0,0],"16":[0,0],"17":[0,0],"18":[0,0],"19":[0,0],"20":[0,0],"21":[0,0],"22":[0,0],"23":[0,0],"24":[0,0],"25":[0,0],"26":[0,0],"27":[0,0],"28":[0,0],"29":[0,0,0,0],"30":[0,0],"31":[0,0],"32":[0,0],"33":[0,0,0],"34":[0,0],"35":[0,0],"36":[0,0],"37":[0,0],"38":[0,0],"39":[0,0],"40":[0,0],"41":[0,0],"42":[0,0],"43":[0,0],"44":[0,0],"45":[0,0],"46":[0,0],"47":[0,0],"48":[0,0],"49":[0,0],"50":[0,0],"51":[0,0],"52":[0,0],"53":[0,0,0],"54":[0,0],"55":[0,0],"56":[0,0],"57":[0,0],"58":[0,0],"59":[0,0,0],"60":[0,0],"61":[0,0],"62":[0,0],"63":[0,0],"64":[0,0],"65":[0,0],"66":[0,0],"67":[0,0],"68":[0,0],"69":[0,0],"70":[0,0],"71":[0,0],"72":[0,0],"73":[0,0],"74":[0,0],"75":[0,0],"76":[0,0],"77":[0,0],"78":[0,0],"79":[0,0],"80":[0,0],"81":[0,0],"82":[0,0],"83":[0,0],"84":[0,0],"85":[0,0],"86":[0,0],"87":[0,0],"88":[0,0],"89":[0,0],"90":[0,0],"91":[0,0],"92":[0,0],"93":[0,0],"94":[0,0],"95":[0,0],"96":[0,0],"97":[0,0],"98":[0,0,0,0],"99":[0,0],"100":[0,0,0,0],"101":[0,0],"102":[0,0],"103":[0,0],"104":[0,0],"105":[0,0],"106":[0,0],"107":[0,0],"108":[0,0],"109":[0,0,0,0],"110":[0,0],"111":[0,0],"112":[0,0],"113":[0,0],"114":[0,0],"115":[0,0],"116":[0,0],"117":[0,0],"118":[0,0],"119":[0,0],"120":[0,0],"121":[0,0],"122":[0,0],"123":[0,0],"124":[0,0],"125":[0,0],"126":[0,0],"127":[0,0],"128":[0,0],"129":[0,0],"130":[0,0],"131":[0,0],"132":[0,0],"133":[0,0],"134":[0,0],"135":[0,0],"136":[0,0],"137":[0,0],"138":[0,0],"139":[0,0],"140":[0,0],"141":[0,0],"142":[0,0],"143":[0,0],"144":[0,0],"145":[0,0],"146":[0,0],"147":[0,0],"148":[0,0],"149":[0,0],"150":[0,0,0],"151":[0,0],"152":[0,0],"153":[0,0],"154":[0,0],"155":[0,0],"156":[0,0],"157":[0,0]},"f":{"1":5,"2":5,"3":0,"4":0,"5":0,"6":0,"7":0,"8":0,"9":0,"10":0,"11":0,"12":0,"13":0,"14":0,"15":0,"16":0,"17":0,"18":0,"19":0,"20":0,"21":0,"22":0,"23":0,"24":0,"25":0,"26":0,"27":0,"28":0,"29":0,"30":0,"31":0,"32":0,"33":0,"34":0,"35":0,"36":0,"37":0,"38":0,"39":0,"40":0,"41":0,"42":0,"43":0,"44":0,"45":0,"46":0,"47":0,"48":0,"49":0,"50":0,"51":0,"52":0,"53":0,"54":0,"55":0,"56":0,"57":0,"58":0,"59":0,"60":0,"61":0,"62":0,"63":0,"64":0,"65":0,"66":0,"67":0,"68":0,"69":0,"70":0,"71":0,"72":0,"73":0,"74":0,"75":0,"76":0,"77":0,"78":0,"79":0,"80":0,"81":0,"82":0,"83":0,"84":0,"85":0,"86":0,"87":0,"88":0,"89":0,"90":0,"91":0,"92":0,"93":0,"94":0,"95":0,"96":0,"97":0,"98":0,"99":0,"100":0,"101":0,"102":0,"103":0,"104":0,"105":0,"106":0,"107":0,"108":0,"109":0,"110":0,"111":0,"112":0,"113":0,"114":0,"115":0,"116":0,"117":0,"118":0,"119":0,"120":0,"121":0,"122":0,"123":0,"124":0,"125":0,"126":0,"127":0,"128":0,"129":0,"130":0,"131":0},"fnMap":{"1":{"name":"(anonymous_1)","line":6,"loc":{"start":{"line":6,"column":1},"end":{"line":6,"column":38}}},"2":{"name":"(anonymous_2)","line":10,"loc":{"start":{"line":10,"column":18},"end":{"line":10,"column":29}}},"3":{"name":"(anonymous_3)","line":42,"loc":{"start":{"line":42,"column":17},"end":{"line":42,"column":28}}},"4":{"name":"(anonymous_4)","line":45,"loc":{"start":{"line":45,"column":21},"end":{"line":45,"column":33}}},"5":{"name":"(anonymous_5)","line":57,"loc":{"start":{"line":57,"column":38},"end":{"line":57,"column":58}}},"6":{"name":"getStyle","line":60,"loc":{"start":{"line":60,"column":2},"end":{"line":60,"column":34}}},"7":{"name":"isNode","line":68,"loc":{"start":{"line":68,"column":2},"end":{"line":68,"column":24}}},"8":{"name":"normalize","line":73,"loc":{"start":{"line":73,"column":2},"end":{"line":73,"column":40}}},"9":{"name":"classReg","line":89,"loc":{"start":{"line":89,"column":2},"end":{"line":89,"column":23}}},"10":{"name":"each","line":101,"loc":{"start":{"line":101,"column":2},"end":{"line":101,"column":44}}},"11":{"name":"deepEach","line":117,"loc":{"start":{"line":117,"column":2},"end":{"line":117,"column":39}}},"12":{"name":"camelize","line":132,"loc":{"start":{"line":132,"column":2},"end":{"line":132,"column":23}}},"13":{"name":"(anonymous_13)","line":133,"loc":{"start":{"line":133,"column":30},"end":{"line":133,"column":47}}},"14":{"name":"decamelize","line":143,"loc":{"start":{"line":143,"column":2},"end":{"line":143,"column":25}}},"15":{"name":"data","line":152,"loc":{"start":{"line":152,"column":2},"end":{"line":152,"column":20}}},"16":{"name":"clearData","line":163,"loc":{"start":{"line":163,"column":2},"end":{"line":163,"column":25}}},"17":{"name":"dataValue","line":169,"loc":{"start":{"line":169,"column":2},"end":{"line":169,"column":24}}},"18":{"name":"some","line":188,"loc":{"start":{"line":188,"column":2},"end":{"line":188,"column":35}}},"19":{"name":"styleProperty","line":202,"loc":{"start":{"line":202,"column":2},"end":{"line":202,"column":28}}},"20":{"name":"insert","line":209,"loc":{"start":{"line":209,"column":2},"end":{"line":209,"column":41}}},"21":{"name":"(anonymous_21)","line":215,"loc":{"start":{"line":215,"column":27},"end":{"line":215,"column":43}}},"22":{"name":"(anonymous_22)","line":216,"loc":{"start":{"line":216,"column":17},"end":{"line":216,"column":31}}},"23":{"name":"(anonymous_23)","line":221,"loc":{"start":{"line":221,"column":12},"end":{"line":221,"column":25}}},"24":{"name":"xy","line":234,"loc":{"start":{"line":234,"column":2},"end":{"line":234,"column":24}}},"25":{"name":"(anonymous_25)","line":258,"loc":{"start":{"line":258,"column":15},"end":{"line":258,"column":32}}},"26":{"name":"(anonymous_26)","line":261,"loc":{"start":{"line":261,"column":15},"end":{"line":261,"column":32}}},"27":{"name":"(anonymous_27)","line":264,"loc":{"start":{"line":264,"column":18},"end":{"line":264,"column":35}}},"28":{"name":"(anonymous_28)","line":269,"loc":{"start":{"line":269,"column":15},"end":{"line":269,"column":32}}},"29":{"name":"(anonymous_29)","line":272,"loc":{"start":{"line":272,"column":15},"end":{"line":272,"column":32}}},"30":{"name":"(anonymous_30)","line":275,"loc":{"start":{"line":275,"column":18},"end":{"line":275,"column":35}}},"31":{"name":"setter","line":293,"loc":{"start":{"line":293,"column":2},"end":{"line":293,"column":25}}},"32":{"name":"scroll","line":297,"loc":{"start":{"line":297,"column":2},"end":{"line":297,"column":30}}},"33":{"name":"Bonzo","line":316,"loc":{"start":{"line":316,"column":2},"end":{"line":316,"column":27}}},"34":{"name":"(anonymous_34)","line":335,"loc":{"start":{"line":335,"column":11},"end":{"line":335,"column":28}}},"35":{"name":"(anonymous_35)","line":345,"loc":{"start":{"line":345,"column":12},"end":{"line":345,"column":37}}},"36":{"name":"(anonymous_36)","line":354,"loc":{"start":{"line":354,"column":16},"end":{"line":354,"column":41}}},"37":{"name":"(anonymous_37)","line":364,"loc":{"start":{"line":364,"column":11},"end":{"line":364,"column":37}}},"38":{"name":"(anonymous_38)","line":380,"loc":{"start":{"line":380,"column":12},"end":{"line":380,"column":35}}},"39":{"name":"(anonymous_39)","line":385,"loc":{"start":{"line":385,"column":21},"end":{"line":385,"column":38}}},"40":{"name":"(anonymous_40)","line":386,"loc":{"start":{"line":386,"column":42},"end":{"line":386,"column":58}}},"41":{"name":"(anonymous_41)","line":390,"loc":{"start":{"line":390,"column":28},"end":{"line":390,"column":45}}},"42":{"name":"(anonymous_42)","line":407,"loc":{"start":{"line":407,"column":12},"end":{"line":407,"column":32}}},"43":{"name":"(anonymous_43)","line":417,"loc":{"start":{"line":417,"column":14},"end":{"line":417,"column":30}}},"44":{"name":"(anonymous_44)","line":419,"loc":{"start":{"line":419,"column":25},"end":{"line":419,"column":42}}},"45":{"name":"(anonymous_45)","line":420,"loc":{"start":{"line":420,"column":41},"end":{"line":420,"column":54}}},"46":{"name":"(anonymous_46)","line":431,"loc":{"start":{"line":431,"column":15},"end":{"line":431,"column":31}}},"47":{"name":"(anonymous_47)","line":433,"loc":{"start":{"line":433,"column":25},"end":{"line":433,"column":42}}},"48":{"name":"(anonymous_48)","line":435,"loc":{"start":{"line":435,"column":41},"end":{"line":435,"column":54}}},"49":{"name":"(anonymous_49)","line":447,"loc":{"start":{"line":447,"column":16},"end":{"line":447,"column":44}}},"50":{"name":"(anonymous_50)","line":448,"loc":{"start":{"line":448,"column":51},"end":{"line":448,"column":68}}},"51":{"name":"(anonymous_51)","line":459,"loc":{"start":{"line":459,"column":17},"end":{"line":459,"column":45}}},"52":{"name":"(anonymous_52)","line":460,"loc":{"start":{"line":460,"column":51},"end":{"line":460,"column":68}}},"53":{"name":"(anonymous_53)","line":470,"loc":{"start":{"line":470,"column":14},"end":{"line":470,"column":30}}},"54":{"name":"(anonymous_54)","line":472,"loc":{"start":{"line":472,"column":25},"end":{"line":472,"column":42}}},"55":{"name":"(anonymous_55)","line":473,"loc":{"start":{"line":473,"column":41},"end":{"line":473,"column":54}}},"56":{"name":"(anonymous_56)","line":484,"loc":{"start":{"line":484,"column":13},"end":{"line":484,"column":29}}},"57":{"name":"(anonymous_57)","line":486,"loc":{"start":{"line":486,"column":25},"end":{"line":486,"column":42}}},"58":{"name":"(anonymous_58)","line":487,"loc":{"start":{"line":487,"column":41},"end":{"line":487,"column":54}}},"59":{"name":"(anonymous_59)","line":499,"loc":{"start":{"line":499,"column":20},"end":{"line":499,"column":48}}},"60":{"name":"(anonymous_60)","line":500,"loc":{"start":{"line":500,"column":51},"end":{"line":500,"column":68}}},"61":{"name":"(anonymous_61)","line":511,"loc":{"start":{"line":511,"column":19},"end":{"line":511,"column":47}}},"62":{"name":"(anonymous_62)","line":512,"loc":{"start":{"line":512,"column":51},"end":{"line":512,"column":68}}},"63":{"name":"(anonymous_63)","line":525,"loc":{"start":{"line":525,"column":19},"end":{"line":525,"column":35}}},"64":{"name":"(anonymous_64)","line":527,"loc":{"start":{"line":527,"column":25},"end":{"line":527,"column":42}}},"65":{"name":"(anonymous_65)","line":528,"loc":{"start":{"line":528,"column":41},"end":{"line":528,"column":54}}},"66":{"name":"(anonymous_66)","line":538,"loc":{"start":{"line":538,"column":13},"end":{"line":538,"column":33}}},"67":{"name":"(anonymous_67)","line":551,"loc":{"start":{"line":551,"column":16},"end":{"line":551,"column":29}}},"68":{"name":"(anonymous_68)","line":553,"loc":{"start":{"line":553,"column":25},"end":{"line":553,"column":39}}},"69":{"name":"(anonymous_69)","line":555,"loc":{"start":{"line":555,"column":18},"end":{"line":555,"column":31}}},"70":{"name":"(anonymous_70)","line":567,"loc":{"start":{"line":567,"column":19},"end":{"line":567,"column":32}}},"71":{"name":"(anonymous_71)","line":569,"loc":{"start":{"line":569,"column":25},"end":{"line":569,"column":39}}},"72":{"name":"(anonymous_72)","line":570,"loc":{"start":{"line":570,"column":18},"end":{"line":570,"column":31}}},"73":{"name":"(anonymous_73)","line":582,"loc":{"start":{"line":582,"column":16},"end":{"line":582,"column":29}}},"74":{"name":"(anonymous_74)","line":584,"loc":{"start":{"line":584,"column":26},"end":{"line":584,"column":40}}},"75":{"name":"(anonymous_75)","line":585,"loc":{"start":{"line":585,"column":25},"end":{"line":585,"column":38}}},"76":{"name":"(anonymous_76)","line":597,"loc":{"start":{"line":597,"column":19},"end":{"line":597,"column":47}}},"77":{"name":"(anonymous_77)","line":599,"loc":{"start":{"line":599,"column":25},"end":{"line":599,"column":39}}},"78":{"name":"(anonymous_78)","line":600,"loc":{"start":{"line":600,"column":18},"end":{"line":600,"column":31}}},"79":{"name":"(anonymous_79)","line":616,"loc":{"start":{"line":616,"column":12},"end":{"line":616,"column":32}}},"80":{"name":"(anonymous_80)","line":618,"loc":{"start":{"line":618,"column":25},"end":{"line":618,"column":39}}},"81":{"name":"(anonymous_81)","line":627,"loc":{"start":{"line":627,"column":12},"end":{"line":627,"column":24}}},"82":{"name":"(anonymous_82)","line":628,"loc":{"start":{"line":628,"column":25},"end":{"line":628,"column":39}}},"83":{"name":"(anonymous_83)","line":639,"loc":{"start":{"line":639,"column":14},"end":{"line":639,"column":48}}},"84":{"name":"(anonymous_84)","line":642,"loc":{"start":{"line":642,"column":25},"end":{"line":642,"column":39}}},"85":{"name":"(anonymous_85)","line":654,"loc":{"start":{"line":654,"column":13},"end":{"line":654,"column":25}}},"86":{"name":"(anonymous_86)","line":662,"loc":{"start":{"line":662,"column":12},"end":{"line":662,"column":24}}},"87":{"name":"(anonymous_87)","line":670,"loc":{"start":{"line":670,"column":12},"end":{"line":670,"column":24}}},"88":{"name":"(anonymous_88)","line":678,"loc":{"start":{"line":678,"column":16},"end":{"line":678,"column":28}}},"89":{"name":"(anonymous_89)","line":686,"loc":{"start":{"line":686,"column":14},"end":{"line":686,"column":25}}},"90":{"name":"(anonymous_90)","line":696,"loc":{"start":{"line":696,"column":15},"end":{"line":696,"column":33}}},"91":{"name":"(anonymous_91)","line":698,"loc":{"start":{"line":698,"column":10},"end":{"line":698,"column":24}}},"92":{"name":"(anonymous_92)","line":705,"loc":{"start":{"line":705,"column":10},"end":{"line":705,"column":24}}},"93":{"name":"(anonymous_93)","line":715,"loc":{"start":{"line":715,"column":13},"end":{"line":715,"column":25}}},"94":{"name":"(anonymous_94)","line":724,"loc":{"start":{"line":724,"column":12},"end":{"line":724,"column":24}}},"95":{"name":"(anonymous_95)","line":736,"loc":{"start":{"line":736,"column":11},"end":{"line":736,"column":31}}},"96":{"name":"fn","line":755,"loc":{"start":{"line":755,"column":8},"end":{"line":755,"column":30}}},"97":{"name":"(anonymous_97)","line":774,"loc":{"start":{"line":774,"column":14},"end":{"line":774,"column":38}}},"98":{"name":"(anonymous_98)","line":776,"loc":{"start":{"line":776,"column":27},"end":{"line":776,"column":41}}},"99":{"name":"(anonymous_99)","line":780,"loc":{"start":{"line":780,"column":27},"end":{"line":780,"column":41}}},"100":{"name":"(anonymous_100)","line":811,"loc":{"start":{"line":811,"column":11},"end":{"line":811,"column":23}}},"101":{"name":"(anonymous_101)","line":817,"loc":{"start":{"line":817,"column":13},"end":{"line":817,"column":26}}},"102":{"name":"(anonymous_102)","line":851,"loc":{"start":{"line":851,"column":12},"end":{"line":851,"column":32}}},"103":{"name":"(anonymous_103)","line":866,"loc":{"start":{"line":866,"column":20},"end":{"line":866,"column":34}}},"104":{"name":"(anonymous_104)","line":876,"loc":{"start":{"line":876,"column":18},"end":{"line":876,"column":31}}},"105":{"name":"(anonymous_105)","line":877,"loc":{"start":{"line":877,"column":25},"end":{"line":877,"column":39}}},"106":{"name":"(anonymous_106)","line":887,"loc":{"start":{"line":887,"column":11},"end":{"line":887,"column":24}}},"107":{"name":"(anonymous_107)","line":900,"loc":{"start":{"line":900,"column":12},"end":{"line":900,"column":36}}},"108":{"name":"(anonymous_108)","line":906,"loc":{"start":{"line":906,"column":32},"end":{"line":906,"column":45}}},"109":{"name":"(anonymous_109)","line":916,"loc":{"start":{"line":916,"column":27},"end":{"line":916,"column":41}}},"110":{"name":"(anonymous_110)","line":925,"loc":{"start":{"line":925,"column":14},"end":{"line":925,"column":26}}},"111":{"name":"(anonymous_111)","line":934,"loc":{"start":{"line":934,"column":13},"end":{"line":934,"column":25}}},"112":{"name":"(anonymous_112)","line":935,"loc":{"start":{"line":935,"column":25},"end":{"line":935,"column":39}}},"113":{"name":"(anonymous_113)","line":948,"loc":{"start":{"line":948,"column":14},"end":{"line":948,"column":26}}},"114":{"name":"(anonymous_114)","line":949,"loc":{"start":{"line":949,"column":25},"end":{"line":949,"column":39}}},"115":{"name":"(anonymous_115)","line":959,"loc":{"start":{"line":959,"column":17},"end":{"line":959,"column":30}}},"116":{"name":"(anonymous_116)","line":967,"loc":{"start":{"line":967,"column":18},"end":{"line":967,"column":31}}},"117":{"name":"cloneNode","line":974,"loc":{"start":{"line":974,"column":2},"end":{"line":974,"column":31}}},"118":{"name":"isBody","line":996,"loc":{"start":{"line":996,"column":2},"end":{"line":996,"column":27}}},"119":{"name":"getWindowScroll","line":1000,"loc":{"start":{"line":1000,"column":2},"end":{"line":1000,"column":29}}},"120":{"name":"createScriptFromHtml","line":1004,"loc":{"start":{"line":1004,"column":2},"end":{"line":1004,"column":38}}},"121":{"name":"bonzo","line":1015,"loc":{"start":{"line":1015,"column":2},"end":{"line":1015,"column":22}}},"122":{"name":"(anonymous_122)","line":1019,"loc":{"start":{"line":1019,"column":25},"end":{"line":1019,"column":38}}},"123":{"name":"(anonymous_123)","line":1024,"loc":{"start":{"line":1024,"column":14},"end":{"line":1024,"column":35}}},"124":{"name":"(anonymous_124)","line":1031,"loc":{"start":{"line":1031,"column":17},"end":{"line":1031,"column":33}}},"125":{"name":"(anonymous_125)","line":1034,"loc":{"start":{"line":1034,"column":6},"end":{"line":1034,"column":18}}},"126":{"name":"(anonymous_126)","line":1055,"loc":{"start":{"line":1055,"column":18},"end":{"line":1055,"column":31}}},"127":{"name":"(anonymous_127)","line":1060,"loc":{"start":{"line":1060,"column":14},"end":{"line":1060,"column":26}}},"128":{"name":"(anonymous_128)","line":1068,"loc":{"start":{"line":1068,"column":21},"end":{"line":1068,"column":35}}},"129":{"name":"(anonymous_129)","line":1075,"loc":{"start":{"line":1075,"column":19},"end":{"line":1075,"column":31}}},"130":{"name":"(anonymous_130)","line":1083,"loc":{"start":{"line":1083,"column":4},"end":{"line":1083,"column":34}}},"131":{"name":"(anonymous_131)","line":1086,"loc":{"start":{"line":1086,"column":4},"end":{"line":1086,"column":34}}}},"statementMap":{"1":{"start":{"line":6,"column":0},"end":{"line":1091,"column":3}},"2":{"start":{"line":7,"column":2},"end":{"line":9,"column":35}},"3":{"start":{"line":7,"column":54},"end":{"line":7,"column":83}},"4":{"start":{"line":8,"column":7},"end":{"line":9,"column":35}},"5":{"start":{"line":8,"column":54},"end":{"line":8,"column":72}},"6":{"start":{"line":9,"column":7},"end":{"line":9,"column":35}},"7":{"start":{"line":11,"column":2},"end":{"line":57,"column":99}},"8":{"start":{"line":43,"column":8},"end":{"line":43,"column":38}},"9":{"start":{"line":44,"column":8},"end":{"line":52,"column":9}},"10":{"start":{"line":46,"column":12},"end":{"line":46,"column":104}},"11":{"start":{"line":47,"column":12},"end":{"line":49,"column":13}},"12":{"start":{"line":48,"column":14},"end":{"line":48,"column":54}},"13":{"start":{"line":48,"column":39},"end":{"line":48,"column":54}},"14":{"start":{"line":57,"column":60},"end":{"line":57,"column":98}},"15":{"start":{"line":60,"column":2},"end":{"line":65,"column":3}},"16":{"start":{"line":61,"column":4},"end":{"line":62,"column":59}},"17":{"start":{"line":63,"column":4},"end":{"line":63,"column":44}},"18":{"start":{"line":64,"column":4},"end":{"line":64,"column":38}},"19":{"start":{"line":68,"column":2},"end":{"line":70,"column":3}},"20":{"start":{"line":69,"column":4},"end":{"line":69,"column":79}},"21":{"start":{"line":73,"column":2},"end":{"line":83,"column":3}},"22":{"start":{"line":74,"column":4},"end":{"line":74,"column":17}},"23":{"start":{"line":75,"column":4},"end":{"line":75,"column":58}},"24":{"start":{"line":75,"column":33},"end":{"line":75,"column":58}},"25":{"start":{"line":76,"column":4},"end":{"line":76,"column":37}},"26":{"start":{"line":76,"column":22},"end":{"line":76,"column":37}},"27":{"start":{"line":77,"column":4},"end":{"line":81,"column":5}},"28":{"start":{"line":78,"column":6},"end":{"line":78,"column":14}},"29":{"start":{"line":79,"column":6},"end":{"line":79,"column":80}},"30":{"start":{"line":79,"column":47},"end":{"line":79,"column":80}},"31":{"start":{"line":80,"column":6},"end":{"line":80,"column":16}},"32":{"start":{"line":82,"column":4},"end":{"line":82,"column":15}},"33":{"start":{"line":89,"column":2},"end":{"line":91,"column":3}},"34":{"start":{"line":90,"column":4},"end":{"line":90,"column":50}},"35":{"start":{"line":101,"column":2},"end":{"line":108,"column":3}},"36":{"start":{"line":102,"column":4},"end":{"line":102,"column":33}},"37":{"start":{"line":103,"column":4},"end":{"line":106,"column":5}},"38":{"start":{"line":104,"column":6},"end":{"line":104,"column":43}},"39":{"start":{"line":105,"column":6},"end":{"line":105,"column":53}},"40":{"start":{"line":107,"column":4},"end":{"line":107,"column":13}},"41":{"start":{"line":117,"column":2},"end":{"line":125,"column":3}},"42":{"start":{"line":118,"column":4},"end":{"line":123,"column":5}},"43":{"start":{"line":119,"column":6},"end":{"line":122,"column":7}},"44":{"start":{"line":120,"column":8},"end":{"line":120,"column":49}},"45":{"start":{"line":121,"column":8},"end":{"line":121,"column":49}},"46":{"start":{"line":124,"column":4},"end":{"line":124,"column":13}},"47":{"start":{"line":132,"column":2},"end":{"line":136,"column":3}},"48":{"start":{"line":133,"column":4},"end":{"line":135,"column":6}},"49":{"start":{"line":134,"column":6},"end":{"line":134,"column":29}},"50":{"start":{"line":143,"column":2},"end":{"line":145,"column":3}},"51":{"start":{"line":144,"column":4},"end":{"line":144,"column":70}},"52":{"start":{"line":152,"column":2},"end":{"line":156,"column":3}},"53":{"start":{"line":153,"column":4},"end":{"line":153,"column":83}},"54":{"start":{"line":154,"column":4},"end":{"line":154,"column":47}},"55":{"start":{"line":155,"column":4},"end":{"line":155,"column":44}},"56":{"start":{"line":163,"column":2},"end":{"line":166,"column":3}},"57":{"start":{"line":164,"column":4},"end":{"line":164,"column":47}},"58":{"start":{"line":165,"column":4},"end":{"line":165,"column":31}},"59":{"start":{"line":165,"column":13},"end":{"line":165,"column":31}},"60":{"start":{"line":169,"column":2},"end":{"line":179,"column":3}},"61":{"start":{"line":170,"column":4},"end":{"line":170,"column":9}},"62":{"start":{"line":171,"column":4},"end":{"line":177,"column":17}},"63":{"start":{"line":172,"column":6},"end":{"line":176,"column":47}},"64":{"start":{"line":178,"column":4},"end":{"line":178,"column":20}},"65":{"start":{"line":188,"column":2},"end":{"line":191,"column":3}},"66":{"start":{"line":189,"column":4},"end":{"line":189,"column":104}},"67":{"start":{"line":189,"column":47},"end":{"line":189,"column":104}},"68":{"start":{"line":189,"column":93},"end":{"line":189,"column":104}},"69":{"start":{"line":190,"column":4},"end":{"line":190,"column":16}},"70":{"start":{"line":202,"column":2},"end":{"line":206,"column":3}},"71":{"start":{"line":203,"column":6},"end":{"line":204,"column":81}},"72":{"start":{"line":205,"column":6},"end":{"line":205,"column":35}},"73":{"start":{"line":209,"column":2},"end":{"line":225,"column":3}},"74":{"start":{"line":210,"column":4},"end":{"line":213,"column":102}},"75":{"start":{"line":215,"column":4},"end":{"line":219,"column":17}},"76":{"start":{"line":216,"column":6},"end":{"line":218,"column":19}},"77":{"start":{"line":217,"column":8},"end":{"line":217,"column":56}},"78":{"start":{"line":220,"column":4},"end":{"line":220,"column":19}},"79":{"start":{"line":221,"column":4},"end":{"line":223,"column":18}},"80":{"start":{"line":222,"column":6},"end":{"line":222,"column":19}},"81":{"start":{"line":224,"column":4},"end":{"line":224,"column":15}},"82":{"start":{"line":234,"column":2},"end":{"line":253,"column":3}},"83":{"start":{"line":235,"column":4},"end":{"line":240,"column":77}},"84":{"start":{"line":242,"column":4},"end":{"line":245,"column":5}},"85":{"start":{"line":243,"column":6},"end":{"line":243,"column":30}},"86":{"start":{"line":244,"column":6},"end":{"line":244,"column":17}},"87":{"start":{"line":247,"column":4},"end":{"line":247,"column":61}},"88":{"start":{"line":248,"column":4},"end":{"line":248,"column":60}},"89":{"start":{"line":250,"column":4},"end":{"line":250,"column":66}},"90":{"start":{"line":251,"column":4},"end":{"line":251,"column":64}},"91":{"start":{"line":257,"column":2},"end":{"line":278,"column":3}},"92":{"start":{"line":258,"column":4},"end":{"line":260,"column":5}},"93":{"start":{"line":259,"column":6},"end":{"line":259,"column":37}},"94":{"start":{"line":261,"column":4},"end":{"line":263,"column":5}},"95":{"start":{"line":262,"column":6},"end":{"line":262,"column":25}},"96":{"start":{"line":264,"column":4},"end":{"line":266,"column":5}},"97":{"start":{"line":265,"column":6},"end":{"line":265,"column":28}},"98":{"start":{"line":269,"column":4},"end":{"line":271,"column":5}},"99":{"start":{"line":270,"column":6},"end":{"line":270,"column":43}},"100":{"start":{"line":272,"column":4},"end":{"line":274,"column":5}},"101":{"start":{"line":273,"column":6},"end":{"line":273,"column":52}},"102":{"start":{"line":275,"column":4},"end":{"line":277,"column":5}},"103":{"start":{"line":276,"column":6},"end":{"line":276,"column":68}},"104":{"start":{"line":293,"column":2},"end":{"line":295,"column":3}},"105":{"start":{"line":294,"column":4},"end":{"line":294,"column":54}},"106":{"start":{"line":297,"column":2},"end":{"line":310,"column":3}},"107":{"start":{"line":298,"column":4},"end":{"line":298,"column":20}},"108":{"start":{"line":299,"column":4},"end":{"line":299,"column":24}},"109":{"start":{"line":299,"column":13},"end":{"line":299,"column":24}},"110":{"start":{"line":300,"column":4},"end":{"line":302,"column":5}},"111":{"start":{"line":301,"column":6},"end":{"line":301,"column":91}},"112":{"start":{"line":303,"column":4},"end":{"line":308,"column":5}},"113":{"start":{"line":304,"column":6},"end":{"line":304,"column":24}},"114":{"start":{"line":306,"column":6},"end":{"line":306,"column":38}},"115":{"start":{"line":307,"column":6},"end":{"line":307,"column":37}},"116":{"start":{"line":309,"column":4},"end":{"line":309,"column":15}},"117":{"start":{"line":316,"column":2},"end":{"line":327,"column":3}},"118":{"start":{"line":317,"column":4},"end":{"line":317,"column":19}},"119":{"start":{"line":318,"column":4},"end":{"line":326,"column":5}},"120":{"start":{"line":319,"column":6},"end":{"line":323,"column":20}},"121":{"start":{"line":324,"column":6},"end":{"line":324,"column":35}},"122":{"start":{"line":325,"column":6},"end":{"line":325,"column":69}},"123":{"start":{"line":325,"column":48},"end":{"line":325,"column":69}},"124":{"start":{"line":329,"column":2},"end":{"line":971,"column":3}},"125":{"start":{"line":336,"column":8},"end":{"line":336,"column":34}},"126":{"start":{"line":346,"column":8},"end":{"line":346,"column":40}},"127":{"start":{"line":355,"column":8},"end":{"line":355,"column":44}},"128":{"start":{"line":365,"column":8},"end":{"line":365,"column":24}},"129":{"start":{"line":366,"column":8},"end":{"line":369,"column":9}},"130":{"start":{"line":367,"column":10},"end":{"line":367,"column":39}},"131":{"start":{"line":368,"column":10},"end":{"line":368,"column":63}},"132":{"start":{"line":370,"column":8},"end":{"line":370,"column":16}},"133":{"start":{"line":381,"column":8},"end":{"line":397,"column":13}},"134":{"start":{"line":386,"column":14},"end":{"line":388,"column":16}},"135":{"start":{"line":387,"column":16},"end":{"line":387,"column":36}},"136":{"start":{"line":391,"column":14},"end":{"line":395,"column":28}},"137":{"start":{"line":392,"column":16},"end":{"line":394,"column":17}},"138":{"start":{"line":393,"column":18},"end":{"line":393,"column":39}},"139":{"start":{"line":396,"column":14},"end":{"line":396,"column":27}},"140":{"start":{"line":398,"column":8},"end":{"line":400,"column":42}},"141":{"start":{"line":408,"column":8},"end":{"line":408,"column":40}},"142":{"start":{"line":418,"column":8},"end":{"line":418,"column":23}},"143":{"start":{"line":419,"column":8},"end":{"line":423,"column":10}},"144":{"start":{"line":420,"column":10},"end":{"line":422,"column":12}},"145":{"start":{"line":421,"column":12},"end":{"line":421,"column":29}},"146":{"start":{"line":432,"column":8},"end":{"line":432,"column":23}},"147":{"start":{"line":433,"column":8},"end":{"line":438,"column":10}},"148":{"start":{"line":434,"column":10},"end":{"line":434,"column":35}},"149":{"start":{"line":435,"column":10},"end":{"line":437,"column":12}},"150":{"start":{"line":436,"column":12},"end":{"line":436,"column":37}},"151":{"start":{"line":448,"colu
[...]
k) && ((target || Bonzo.prototype)[k] = o[k])","    }","  }","","  bonzo.create = function (node) {","    // hhhhhhhhhhhhhhhhhhhhhhhhhhhhhhhhhhhhhhhhhhhh","    return typeof node == 'string' && node !== '' ?","      function () {","        if (simpleScriptTagRe.test(node)) return [createScriptFromHtml(node)]","        var tag = node.match(/^\\s*<([^\\s>]+)/)","          , el = doc.createElement('div')","          , els = []","          , p = tag ? tagMap[tag[1].toLowerCase()] : null","          , dep = p ? p[2] + 1 : 1","          , ns = p && p[3]","          , pn = parentNode","","        el.innerHTML = p ? (p[0] + node + p[1]) : node","        while (dep--) el = el.firstChild","        // for IE NoScope, we may insert cruft at the begining just to get it to work","        if (ns && el && el.nodeType !== 1) el = el.nextSibling","        do {","          if (!tag || el.nodeType == 1) {","            els.push(el)","          }","        } while (el = el.nextSibling)","        // IE < 9 gives us a parentNode which messes up insert() check for cloning","        // `dep` > 1 can also cause problems with the insert() check (must do this last)","        each(els, function(el) { el[pn] && el[pn].removeChild(el) })","        return els","      }() : isNode(node) ? [node.cloneNode(true)] : []","  }","","  bonzo.doc = function () {","    var vp = bonzo.viewport()","    return {","        width: Math.max(doc.body.scrollWidth, html.scrollWidth, vp.width)","      , height: Math.max(doc.body.scrollHeight, html.scrollHeight, vp.height)","    }","  }","","  bonzo.firstChild = function (el) {","    for (var c = el.childNodes, i = 0, j = (c && c.length) || 0, e; i < j; i++) {","      if (c[i].nodeType === 1) e = c[j = i]","    }","    return e","  }","","  bonzo.viewport = function () {","    return {","        width: win.innerWidth","      , height: win.innerHeight","    }","  }","","  bonzo.isAncestor = 'compareDocumentPosition' in html ?","    function (container, element) {","      return (container.compareDocumentPosition(element) & 16) == 16","    } :","    function (container, element) {","      return container !== element && container.contains(element);","    }","","  return bonzo","}); // the only line we care about using a semi-colon. placed here for concatenation tools",""],"l":{"1":2,"2":2,"3":0,"4":0,"6":2,"38":0,"39":0,"41":0,"42":0,"43":0,"52":0,"55":1,"56":0,"58":0,"59":0,"63":1,"64":0,"68":1,"69":0,"70":0,"71":0,"72":0,"73":0,"74":0,"75":0,"77":0,"84":1,"85":0,"96":1,"97":0,"98":0,"99":0,"100":0,"102":0,"112":1,"113":0,"114":0,"115":0,"116":0,"119":0,"127":1,"128":0,"129":0,"138":1,"139":0,"147":1,"148":0,"149":0,"150":0,"158":1,"159":0,"160":0,"164":1,"165":0,"166":0,"167":0,"173":0,"183":1,"184":0,"185":0,"197":1,"198":0,"200":0,"204":1,"205":0,"210":0,"211":0,"212":0,"215":0,"216":0,"217":0,"219":0,"229":1,"230":0,"237":0,"238":0,"239":0,"242":0,"243":0,"245":0,"246":0,"252":0,"253":0,"254":0,"256":0,"257":0,"259":0,"260":0,"264":0,"265":0,"267":0,"268":0,"270":0,"271":0,"288":1,"289":0,"292":1,"293":0,"294":0,"295":0,"296":0,"298":0,"299":0,"301":0,"302":0,"304":0,"311":1,"312":0,"313":0,"314":0,"319":0,"320":0,"324":0,"331":0,"341":0,"350":0,"360":0,"361":0,"362":0,"363":0,"365":0,"376":0,"381":0,"382":0,"386":0,"387":0,"388":0,"391":0,"393":0,"403":0,"413":0,"414":0,"415":0,"416":0,"427":0,"428":0,"429":0,"430":0,"431":0,"443":0,"444":0,"455":0,"456":0,"466":0,"467":0,"468":0,"469":0,"480":0,"481":0,"482":0,"483":0,"495":0,"496":0,"507":0,"508":0,"509":0,"521":0,"522":0,"523":0,"524":0,"534":0,"536":0,"537":0,"547":0,"548":0,"550":0,"551":0,"552":0,"563":0,"564":0,"565":0,"566":0,"567":0,"578":0,"579":0,"580":0,"581":0,"593":0,"594":0,"595":0,"596":0,"597":0,"612":0,"613":0,"614":0,"623":0,"624":0,"635":0,"636":0,"637":0,"638":0,"639":0,"650":0,"658":0,"666":0,"674":0,"682":0,"692":0,"694":0,"695":0,"696":0,"698":0,"701":0,"711":0,"712":0,"720":0,"721":0,"732":0,"734":0,"736":0,"737":0,"738":0,"739":0,"740":0,"742":0,"745":0,"746":0,"747":0,"750":1,"751":0,"752":0,"753":0,"755":0,"756":0,"760":0,"770":0,"771":0,"772":0,"774":0,"775":0,"776":0,"779":0,"785":0,"794":0,"807":0,"808":0,"813":0,"818":0,"823":0,"832":0,"833":0,"847":0,"850":0,"851":0,"852":0,"854":0,"857":0,"862":0,"872":0,"873":0,"883":0,"896":0,"897":0,"898":0,"899":0,"900":0,"901":0,"902":0,"904":0,"906":0,"907":0,"908":0,"911":0,"921":0,"922":0,"930":0,"931":0,"933":0,"934":0,"944":0,"945":0,"955":0,"963":0,"969":1,"970":0,"978":0,"979":0,"982":0,"983":0,"985":0,"986":0,"988":0,"991":1,"992":0,"995":1,"996":0,"999":1,"1000":0,"1002":0,"1003":0,"1010":1,"1011":0,"1014":0,"1015":0,"1016":0,"1019":0,"1021":0,"1022":0,"1026":0,"1028":0,"1030":0,"1031":0,"1039":0,"1040":0,"1042":0,"1043":0,"1044":0,"1045":0,"1050":0,"1051":0,"1055":0,"1056":0,"1057":0,"1063":0,"1064":0,"1065":0,"1067":0,"1070":0,"1071":0,"1077":0,"1079":0,"1082":0,"1085":0}},"/home/travis/build/npmtest/node-npmtest-bonzo/node_modules/bonzo/src/copyright.js":{"path":"/home/travis/build/npmtest/node-npmtest-bonzo/node_modules/bonzo/src/copyright.js","s":{},"b":{},"f":{},"fnMap":{},"statementMap":{},"branchMap":{},"code":["/*!","  * Bonzo: DOM Utility (c) Dustin Diaz 2012","  * https://github.com/ded/bonzo","  * License MIT","  */"],"l":{}},"/home/travis/build/npmtest/node-npmtest-bonzo/node_modules/bonzo/src/ender.js":{"path":"/home/travis/build/npmtest/node-npmtest-bonzo/node_modules/bonzo/src/ender.js","s":{"1":2,"2":0,"3":0,"4":0,"5":0,"6":0,"7":0,"8":0,"9":0,"10":1,"11":0,"12":0,"13":0,"14":0,"15":1,"16":0,"17":0,"18":0,"19":0,"20":0,"21":0,"22":0,"23":0,"24":0,"25":0,"26":0,"27":0,"28":0,"29":0,"30":0,"31":0,"32":0,"33":0,"34":0,"35":0,"36":0,"37":0,"38":0,"39":0,"40":0,"41":0,"42":0,"43":0,"44":0,"45":0,"46":0,"47":0,"48":0,"49":0,"50":0,"51":0,"52":0,"53":0,"54":0,"55":0,"56":0,"57":0,"58":0,"59":0,"60":0,"61":0,"62":0,"63":0,"64":0,"65":0,"66":0,"67":0,"68":0,"69":0,"70":0,"71":1,"72":0},"b":{"1":[0,0],"2":[0,0],"3":[0,0],"4":[0,0],"5":[0,0],"6":[0,0],"7":[0,0],"8":[0,0],"9":[0,0],"10":[0,0],"11":[0,0],"12":[0,0],"13":[0,0],"14":[0,0]},"f":{"1":0,"2":0,"3":0,"4":0,"5":0,"6":0,"7":0,"8":0,"9":0,"10":0,"11":0,"12":0,"13":0,"14":0,"15":0,"16":0,"17":0,"18":0,"19":0,"20":0,"21":0,"22":0,"23":0},"fnMap":{"1":{"name":"(anonymous_1)","line":1,"loc":{"start":{"line":1,"column":1},"end":{"line":1,"column":14}}},"2":{"name":"(anonymous_2)","line":8,"loc":{"start":{"line":8,"column":12},"end":{"line":8,"column":28}}},"3":{"name":"(anonymous_3)","line":13,"loc":{"start":{"line":13,"column":9},"end":{"line":13,"column":23}}},"4":{"name":"indexOf","line":17,"loc":{"start":{"line":17,"column":2},"end":{"line":17,"column":28}}},"5":{"name":"uniq","line":22,"loc":{"start":{"line":22,"column":2},"end":{"line":22,"column":20}}},"6":{"name":"(anonymous_6)","line":37,"loc":{"start":{"line":37,"column":13},"end":{"line":37,"column":42}}},"7":{"name":"(anonymous_7)","line":53,"loc":{"start":{"line":53,"column":12},"end":{"line":53,"column":23}}},"8":{"name":"(anonymous_8)","line":57,"loc":{"start":{"line":57,"column":13},"end":{"line":57,"column":33}}},"9":{"name":"(anonymous_9)","line":61,"loc":{"start":{"line":61,"column":11},"end":{"line":61,"column":23}}},"10":{"name":"(anonymous_10)","line":65,"loc":{"start":{"line":65,"column":10},"end":{"line":65,"column":22}}},"11":{"name":"(anonymous_11)","line":69,"loc":{"start":{"line":69,"column":10},"end":{"line":69,"column":22}}},"12":{"name":"(anonymous_12)","line":73,"loc":{"start":{"line":73,"column":14},"end":{"line":73,"column":26}}},"13":{"name":"(anonymous_13)","line":77,"loc":{"start":{"line":77,"column":13},"end":{"line":77,"column":26}}},"14":{"name":"(anonymous_14)","line":81,"loc":{"start":{"line":81,"column":14},"end":{"line":81,"column":27}}},"15":{"name":"(anonymous_15)","line":85,"loc":{"start":{"line":85,"column":15},"end":{"line":85,"column":28}}},"16":{"name":"(anonymous_16)","line":89,"loc":{"start":{"line":89,"column":17},"end":{"line":89,"column":30}}},"17":{"name":"(anonymous_17)","line":93,"loc":{"start":{"line":93,"column":18},"end":{"line":93,"column":31}}},"18":{"name":"(anonymous_18)","line":97,"loc":{"start":{"line":97,"column":11},"end":{"line":97,"column":23}}},"19":{"name":"(anonymous_19)","line":101,"loc":{"start":{"line":101,"column":14},"end":{"line":101,"column":26}}},"20":{"name":"(anonymous_20)","line":112,"loc":{"start":{"line":112,"column":14},"end":{"line":112,"column":26}}},"21":{"name":"(anonymous_21)","line":122,"loc":{"start":{"line":122,"column":12},"end":{"line":122,"column":25}}},"22":{"name":"(anonymous_22)","line":126,"loc":{"start":{"line":126,"column":11},"end":{"line":126,"column":24}}},"23":{"name":"dimension","line":136,"loc":{"start":{"line":136,"column":2},"end":{"line":136,"column":34}}}},"statementMap":{"1":{"start":{"line":1,"column":0},"end":{"line":141,"column":10}},"2":{"start":{"line":3,"column":2},"end":{"line":3,"column":26}},"3":{"start":{"line":4,"column":2},"end":{"line":4,"column":21}},"4":{"start":{"line":5,"column":2},"end":{"line":5,"column":12}},"5":{"start":{"line":6,"column":2},"end":{"line":6,"column":20}},"6":{"start":{"line":7,"column":2},"end":{"line":11,"column":4}},"7":{"start":{"line":9,"column":6},"end":{"line":9,"column":30}},"8":{"start":{"line":13,"column":2},"end":{"line":15,"column":3}},"9":{"start":{"line":14,"column":4},"end":{"line":14,"column":43}},"10":{"start":{"line":17,"column":2},"end":{"line":20,"column":3}},"11":{"start":{"line":18,"column":4},"end":{"line":18,"column":67}},"12":{"start":{"line":18,"column":40},"end":{"line":18,"column":67}},"13":{"start":{"line":18,"column":59},"end":{"line":18,"column":67}},"14":{"start":{"line":19,"column":4},"end":{"line":19,"column":13}},"15":{"start":{"line":22,"column":2},"end":{"line":34,"column":3}},"16":{"start":{"line":23,"column":4},"end":{"line":23,"column":43}},"17":{"start":{"line":24,"column":4},"end":{"line":32,"column":5}},"18":{"start":{"line":25,"column":6},"end":{"line":25,"column":18}},"19":{"start":{"line":26,"column":6},"end":{"line":30,"column":7}},"20":{"start":{"line":27,"column":8},"end":{"line":29,"column":9}},"21":{"start":{"line":28,"column":10},"end":{"line":28,"column":22}},"22":{"start":{"line":28,"column":23},"end":{"line":28,"column":28}},"23":{"start":{"line":31,"column":6},"end":{"line":31,"column":30}},"24":{"start":{"line":31,"column":17},"end":{"line":31,"column":30}},"25":{"start":{"line":33,"column":4},"end":{"line":33,"column":12}},"26":{"start":{"line":36,"column":2},"end":{"line":129,"column":10}},"27":{"start":{"line":38,"column":6},"end":{"line":38,"column":35}},"28":{"start":{"line":38,"column":24},"end":{"line":38,"column":35}},"29":{"start":{"line":39,"column":6},"end":{"line":39,"column":35}},"30":{"start":{"line":39,"column":21},"end":{"line":39,"column":35}},"31":{"start":{"line":40,"column":6},"end":{"line":40,"column":51}},"32":{"start":{"line":41,"column":6},"end":{"line":49,"column":7}},"33":{"start":{"line":42,"column":8},"end":{"line":42,"column":19}},"34":{"start":{"line":43,"column":8},"end":{"line":48,"column":9}},"35":{"start":{"line":44,"column":10},"end":{"line":47,"column":11}},"36":{"start":{"line":45,"column":12},"end":{"line":45,"column":21}},"37":{"start":{"line":46,"column":12},"end":{"line":46,"column":31}},"38":{"start":{"line":46,"column":25},"end":{"line":46,"column":31}},"39":{"start":{"line":50,"column":6},"end":{"line":50,"column":23}},"40":{"start":{"line":54,"column":6},"end":{"line":54,"column":38}},"41":{"start":{"line":58,"column":6},"end":{"line":58,"column":41}},"42":{"start":{"line":62,"column":6},"end":{"line":62,"column":44}},"43":{"start":{"line":66,"column":6},"end":{"line":66,"column":56}},"44":{"start":{"line":70,"column":6},"end":{"line":70,"column":30}},"45":{"start":{"line":74,"column":6},"end":{"line":74,"column":34}},"46":{"start":{"line":78,"column":6},"end":{"line":78,"column":34}},"47":{"start":{"line":82,"column":6},"end":{"line":82,"column":47}},"48":{"start":{"line":86,"column":6},"end":{"line":86,"column":48}},"49":{"start":{"line":90,"column":6},"end":{"line":90,"column":50}},"50":{"start":{"line":94,"column":6},"end":{"line":94,"column":51}},"51":{"start":{"line":98,"column":6},"end":{"line":98,"column":35}},"52":{"start":{"line":102,"column":6},"end":{"line":102,"column":25}},"53":{"start":{"line":103,"column":6},"end":{"line":108,"column":7}},"54":{"start":{"line":104,"column":8},"end":{"line":104,"column":19}},"55":{"start":{"line":105,"column":8},"end":{"line":105,"column":66}},"56":{"start":{"line":105,"column":38},"end":{"line":105,"column":66}},"57":{"start":{"line":106,"column":8},"end":{"line":106,"column":19}},"58":{"start":{"line":107,"column":8},"end":{"line":107,"column":62}},"59":{"start":{"line":107,"column":34},"end":{"line":107,"column":62}},"60":{"start":{"line":109,"column":6},"end":{"line":109,"column":17}},"61":{"start":{"line":113,"column":6},"end":{"line":113,"column":26}},"62":{"start":{"line":114,"column":6},"end":{"line":118,"column":7}},"63":{"start":{"line":115,"column":8},"end":{"line":115,"column":52}},"64":{"start":{"line":115,"column":43},"end":{"line":115,"column":52}},"65":{"start":{"line":116,"column":8},"end":{"line":116,"column":18}},"66":{"start":{"line":117,"column":8},"end":{"line":117,"column":66}},"67":{"start":{"line":117,"column":36},"end":{"line":117,"column":66}},"68":{"start":{"line":119,"column":6},"end":{"line":119,"column":23}},"69":{"start":{"line":123,"column":6},"end":{"line":123,"column":46}},"70":{"start":{"line":127,"column":6},"end":{"line":127,"column":45}},"71":{"start":{"line":136,"column":2},"end":{"line":140,"column":3}},"72":{"start":{"line":137,"column":4},"end":{"line":139,"column":29}}},"branchMap":{"1":{"line":18,"type":"if","locations":[{"start":{"line":18,"column":40},"end":{"line":18,"column":40}},{"start":{"line":18,"column":40},"end":{"line":18,"column":40}}]},"2":{"line":27,"type":"if","locations":[{"start":{"line":27,"column":8},"end":{"line":27,"column":8}},{"start":{"line":27,"column":8},"end":{"line":27,"column":8}}]},"3":{"line":31,"type":"if","locations":[{"start":{"line":31,"column":6},"end":{"line":31,"column":6}},{"start":{"line":31,"column":6},"end":{"line":31,"column":6}}]},"4":{"line":38,"type":"if","locations":[{"start":{"line":38,"column":6},"end":{"line":38,"column":6}},{"start":{"line":38,"column":6},"end":{"line":38,"column":6}}]},"5":{"line":39,"type":"if","locations":[{"start":{"line":39,"column":6},"end":{"line":39,"column":6}},{"start":{"line":39,"column":6},"end":{"line":39,"column":6}}]},"6":{"line":44,"type":"if","locations":[{"start":{"line":44,"column":10},"end":{"line":44,"column":10}},{"start":{"line":44,"column":10},"end":{"line":44,"column":10}}]},"7":{"line":46,"type":"if","locations":[{"start":{"line":46,"column":12},"end":{"line":46,"column":12}},{"start":{"line":46,"column":12},"end":{"line":46,"column":12}}]},"8":{"line":62,"type":"cond-expr","locations":[{"start":{"line":62,"column":29},"end":{"line":62,"column":36}},{"start":{"line":62,"column":39},"end":{"line":62,"column":43}}]},"9":{"line":66,"type":"cond-expr","locations":[{"start":{"line":66,"column":29},"end":{"line":66,"column":50}},{"start":{"line":66,"column":53},"end":{"line":66,"column":55}}]},"10":{"line":105,"type":"binary-expr","locations":[{"start":{"line":105,"column":38},"end":{"line":105,"column":53}},{"start":{"line":105,"column":57},"end":{"line":105,"column":66}}]},"11":{"line":107,"type":"binary-expr","locations":[{"start":{"line":107,"column":34},"end":{"line":107,"column":49}},{"start":{"line":107,"column":53},"end":{"line":107,"column":62}}]},"12":{"line":115,"type":"if","locations":[{"start":{"line":115,"column":8},"end":{"line":115,"column":8}},{"start":{"line":115,"column":8},"end":{"line":115,"column":8}}]},"13":{"line":117,"type":"binary-expr","locations":[{"start":{"line":117,"column":36},"end":{"line":117,"column":52}},{"start":{"line":117,"column":56},"end":{"line":117,"column":66}}]},"14":{"line":137,"type":"cond-expr","locations":[{"start":{"line":138,"column":8},"end":{"line":138,"column":27}},{"start":{"line":139,"column":8},"end":{"line":139,"column":29}}]}},"code":["(function ($) {","","  var b = require('bonzo')","  b.setQueryEngine($)","  $.ender(b)","  $.ender(b(), true)","  $.ender({","    create: function (node) {","      return $(b.create(node))","    }","  })","","  $.id = function (id) {","    return $([document.getElementById(id)])","  }","","  function indexOf(ar, val) {","    for (var i = 0; i < ar.length; i++) if (ar[i] === val) return i","    return -1","  }","","  function uniq(ar) {","    var r = [], i = 0, j = 0, k, item, inIt","    for (; item = ar[i]; ++i) {","      inIt = false","      for (k = 0; k < r.length; ++k) {","        if (r[k] === item) {","          inIt = true; break","        }","      }","      if (!inIt) r[j++] = item","    }","    return r","  }","","  $.ender({","    parents: function (selector, closest) {","      if (!this.length) return this","      if (!selector) selector = '*'","      var collection = $(selector), j, k, p, r = []","      for (j = 0, k = this.length; j < k; j++) {","        p = this[j]","        while (p = p.parentNode) {","          if (~indexOf(collection, p)) {","            r.push(p)","            if (closest) break;","          }","        }","      }","      return $(uniq(r))","    }","","  , parent: function() {","      return $(uniq(b(this).parent()))","    }","","  , closest: function (selector) {","      return this.parents(selector, true)","    }","","  , first: function () {","      return $(this.length ? this[0] : this)","    }","","  , last: function () {","      return $(this.length ? this[this.length - 1] : [])","    }","","  , next: function () {","      return $(b(this).next())","    }","","  , previous: function () {","      return $(b(this).previous())","    }","","  , related: function (t) {","      return $(b(this).related(t))","    }","","  , appendTo: function (t) {","      return b(this.selector).appendTo(t, this)","    }","","  , prependTo: function (t) {","      return b(this.selector).prependTo(t, this)","    }","","  , insertAfter: function (t) {","      return b(this.selector).insertAfter(t, this)","    }","","  , insertBefore: function (t) {","      return b(this.selector).insertBefore(t, this)","    }","","  , clone: function () {","      return $(b(this).clone(this))","    }","","  , siblings: function () {","      var i, l, p, r = []","      for (i = 0, l = this.length; i < l; i++) {","        p = this[i]","        while (p = p.previousSibling) p.nodeType == 1 && r.push(p)","        p = this[i]","        while (p = p.nextSibling) p.nodeType == 1 && r.push(p)","      }","      return $(r)","    }","","  , children: function () {","      var i, l, el, r = []","      for (i = 0, l = this.length; i < l; i++) {","        if (!(el = b.firstChild(this[i]))) continue;","        r.push(el)","        while (el = el.nextSibling) el.nodeType == 1 && r.push(el)","      }","      return $(uniq(r))","    }","","  , height: function (v) {","      return dimension.call(this, 'height', v)","    }","","  , width: function (v) {","      return dimension.call(this, 'width', v)","    }","  }, true)","","  /**","   * @param {string} type either width or height","   * @param {number=} opt_v becomes a setter instead of a getter","   * @return {number}","   */","  function dimension(type, opt_v) {","    return typeof opt_v == 'undefined'","      ? b(this).dim()[type]","      : this.css(type, opt_v)","  }","}(ender));"],"l":{"1":2,"3":0,"4":0,"5":0,"6":0,"7":0,"9":0,"13":0,"14":0,"17":1,"18":0,"19":0,"22":1,"23":0,"24":0,"25":0,"26":0,"27":0,"28":0,"31":0,"33":0,"36":0,"38":0,"39":0,"40":0,"41":0,"42":0,"43":0,"44":0,"45":0,"46":0,"50":0,"54":0,"58":0,"62":0,"66":0,"70":0,"74":0,"78":0,"82":0,"86":0,"90":0,"94":0,"98":0,"102":0,"103":0,"104":0,"105":0,"106":0,"107":0,"109":0,"113":0,"114":0,"115":0,"116":0,"117":0,"119":0,"123":0,"127":0,"136":1,"137":0}}}